Initializing document watcher...
Detected change in configuration: {}
lession03-webpack/webpack.config.js: {}
lession03-webpack/.babelrc: {}
lession03-webpack/index.html: {}
lession03-webpack/index.html: {}
lession03-webpack/index.html: {}
lession03-webpack/index.html: {}
lession03-webpack/webpack.config.js: {}
lession03-webpack/webpack.config.js: Using EditorConfig core...
lession03-webpack/webpack.config.js: Using EditorConfig core...
lession03-webpack/webpack.config.js: Using EditorConfig core...
lession03-webpack/webpack.config.js: Using EditorConfig core...
lession03-webpack/webpack.config.js: Using EditorConfig core...
lession03-webpack/webpack.config.js: Using EditorConfig core...
lession03-webpack/webpack.config.js: {}
lession03-webpack/webpack.config.js: {}
lession03-webpack/webpack.config.js: Using EditorConfig core...
lession03-webpack/webpack.config.js: Using EditorConfig core...
lession03-webpack/webpack.config.js: Using EditorConfig core...
lession03-webpack/webpack.config.js: Using EditorConfig core...
lession03-webpack/webpack.config.js: {}
lession03-webpack/webpack.config.js: Using EditorConfig core...
lession03-webpack/webpack.config.js: Using EditorConfig core...
lession03-webpack/webpack.config.js: Using EditorConfig core...
lession03-webpack/webpack.config.js: Using EditorConfig core...
lession03-webpack/.babelrc: {}
lession03-webpack/.babelrc: Using EditorConfig core...
lession03-webpack/.babelrc: Using EditorConfig core...
lession03-webpack/.babelrc: Using EditorConfig core...
lession03-webpack/.babelrc: Using EditorConfig core...
lession03-webpack/.babelrc: {}
lession03-webpack/index.html: {}
lession03-webpack/index.html: Using EditorConfig core...
lession03-webpack/index.html: Using EditorConfig core...
lession03-webpack/index.html: Using EditorConfig core...
lession03-webpack/index.html: Using EditorConfig core...
lession03-webpack/index.html: Using EditorConfig core...
lession03-webpack/index.html: Using EditorConfig core...
lession03-webpack/index.html: Using EditorConfig core...
lession03-webpack/.babelrc: {}
lession03-webpack/webpack.config.js: {}
lession03-webpack/webpack.config.js: {}
lession03-webpack/.babelrc: {}
lession03-webpack/index.html: {}
lession03-webpack/index.html: Using EditorConfig core...
lession03-webpack/index.html: Using EditorConfig core...
lession03-webpack/index.html: Using EditorConfig core...
lession03-webpack/index.html: Using EditorConfig core...
lession03-webpack/index.html: {}
lession03-webpack/index.html: {}
lession03-webpack/src/index.js: {}
lession03-webpack/src/index.js: Using EditorConfig core...
lession03-webpack/src/index.js: Using EditorConfig core...
lession03-webpack/src/index.js: Using EditorConfig core...
lession03-webpack/src/index.js: Using EditorConfig core...
lession03-webpack/src/index.js: Using EditorConfig core...
lession03-webpack/src/index.js: {}
lession03-webpack/webpack.config.js: {}
lession03-webpack/package.json: {}
lession03-webpack/package.json: Using EditorConfig core...
lession03-webpack/package.json: Using EditorConfig core...
lession03-webpack/package.json: Using EditorConfig core...
lession03-webpack/package.json: Using EditorConfig core...
lession03-webpack/package.json: Using EditorConfig core...
lession03-webpack/.babelrc: {}
lession03-webpack/.babelrc: Using EditorConfig core...
lession03-webpack/.babelrc: Using EditorConfig core...
lession03-webpack/.babelrc: Using EditorConfig core...
lession03-webpack/src/index.js: {}
lession03-webpack/src/index.js: Using EditorConfig core...
lession03-webpack/src/index.js: Using EditorConfig core...
lession03-webpack/src/index.js: Using EditorConfig core...
lession03-webpack/src/index.js: Using EditorConfig core...
lession03-webpack/src/index.js: Using EditorConfig core...
lession03-webpack/src/index.js: Using EditorConfig core...
lession03-webpack/src/index.js: {}
lession03-webpack/package.json: {}
lession03-webpack/package.json: Using EditorConfig core...
lession03-webpack/package.json: Using EditorConfig core...
lession03-webpack/package.json: Using EditorConfig core...
lession03-webpack/package.json: Using EditorConfig core...
lession03-webpack/package.json: Using EditorConfig core...
lession03-webpack/package.json: Using EditorConfig core...
lession03-webpack/package.json: Using EditorConfig core...
lession03-webpack/package.json: Using EditorConfig core...
lession03-webpack/package.json: Using EditorConfig core...
lession03-webpack/package.json: Using EditorConfig core...
lession03-webpack/package.json: {}
lession03-webpack/package.json: {}
lession03-webpack/package.json: Using EditorConfig core...
lession03-webpack/package.json: Using EditorConfig core...
lession03-webpack/package.json: Using EditorConfig core...
lession03-webpack/package.json: Using EditorConfig core...
lession03-webpack/package.json: Using EditorConfig core...
lession03-webpack/package.json: Using EditorConfig core...
lession03-webpack/package.json: Using EditorConfig core...
lession03-webpack/package.json: Using EditorConfig core...
lession03-webpack/package.json: Using EditorConfig core...
lession03-webpack/package.json: {}
lession03-webpack/dirt/bundle.js: {}
lession03-webpack/package.json: {}
lession03-webpack/package.json: {}
lession03-webpack/package.json: Using EditorConfig core...
lession03-webpack/package.json: Using EditorConfig core...
lession03-webpack/package.json: Using EditorConfig core...
lession03-webpack/package.json: Using EditorConfig core...
lession03-webpack/package.json: Using EditorConfig core...
lession03-webpack/package.json: Using EditorConfig core...
lession03-webpack/package.json: Using EditorConfig core...
lession03-webpack/package.json: Using EditorConfig core...
lession03-webpack/package.json: {}
lession03-webpack/package.json: {}
lession03-webpack/package.json: {}
lession03-webpack/package.json: {}
lession03-webpack/index.html: {}
lession03-webpack/index.html: Using EditorConfig core...
lession03-webpack/index.html: Using EditorConfig core...
lession03-webpack/index.html: Using EditorConfig core...
lession03-webpack/index.html: Using EditorConfig core...
lession03-webpack/index.html: Using EditorConfig core...
lession03-webpack/index.html: Using EditorConfig core...
lession03-webpack/index.html: Using EditorConfig core...
lession03-webpack/index.html: Using EditorConfig core...
lession03-webpack/index.html: Using EditorConfig core...
lession03-webpack/src/index.js: {}
lession03-webpack/src/index.js: Using EditorConfig core...
lession03-webpack/src/index.js: Using EditorConfig core...
lession03-webpack/src/index.js: Using EditorConfig core...
lession03-webpack/src/index.js: Using EditorConfig core...
lession03-webpack/src/index.js: Using EditorConfig core...
lession03-webpack/src/index.js: Using EditorConfig core...
lession03-webpack/src/index.js: Using EditorConfig core...
lession03-webpack/src/index.js: Using EditorConfig core...
lession03-webpack/src/index.js: Using EditorConfig core...
lession03-webpack/src/index.js: Using EditorConfig core...
lession03-webpack/src/index.js: Using EditorConfig core...
lession03-webpack/src/index.js: {}
lession03-webpack/index.html: {}
lession03-webpack/index.html: Using EditorConfig core...
lession03-webpack/index.html: Using EditorConfig core...
lession03-webpack/index.html: Using EditorConfig core...
lession03-webpack/index.html: Using EditorConfig core...
lession03-webpack/index.html: Using EditorConfig core...
lession03-webpack/index.html: Using EditorConfig core...
lession03-webpack/index.html: Using EditorConfig core...
lession03-webpack/index.html: {}
lession03-webpack/index.html: {}
lession03-webpack/index.html: {}
lession03-webpack/index.html: {}
lession03-webpack/index.html: {}
lession03-webpack/index.html: {}
lession03-webpack/index.html: {}
lession03-webpack/src/components/App/App.css: {}
lession03-webpack/src/components/App/App.js: {}
lession03-webpack/src/components/App/App.js: {}
lession03-webpack/src/components/App/App.js: Using EditorConfig core...
lession03-webpack/src/components/App/App.js: Using EditorConfig core...
lession03-webpack/src/components/App/App.js: Using EditorConfig core...
lession03-webpack/src/components/App/App.js: Using EditorConfig core...
lession03-webpack/src/components/App/App.js: Using EditorConfig core...
lession03-webpack/src/components/App/App.js: Using EditorConfig core...
lession03-webpack/src/components/App/App.js: Using EditorConfig core...
lession03-webpack/src/components/App/App.js: {}
lession03-webpack/src/components/App/App.js: {}
lession03-webpack/src/components/App/App.js: Using EditorConfig core...
lession03-webpack/src/components/App/App.js: Using EditorConfig core...
lession03-webpack/src/components/App/App.js: Using EditorConfig core...
lession03-webpack/src/components/App/App.js: Using EditorConfig core...
lession03-webpack/src/components/App/App.js: Using EditorConfig core...
lession03-webpack/src/components/App/App.js: Using EditorConfig core...
lession03-webpack/src/components/App/App.js: Using EditorConfig core...
lession03-webpack/src/components/App/App.js: Using EditorConfig core...
lession03-webpack/src/components/App/App.js: Using EditorConfig core...
lession03-webpack/src/components/App/App.js: {}
lession03-webpack/src/index.js: {}
lession03-webpack/src/components/App/App.js: {}
lession03-webpack/src/index.js: {}
lession03-webpack/src/routes.js: {}
lession03-webpack/src/index.js: {}
lession03-webpack/src/reducers/index.js: {}
lession03-webpack/src/index.js: {}
lession03-webpack/src/routes.js: {}
lession03-webpack/src/index.js: {}
lession03-webpack/src/routes.js: {}
lession03-webpack/src/routes.js: {}
lession03-webpack/src/index.js: {}
lession03-webpack/src/index.js: Using EditorConfig core...
lession03-webpack/src/index.js: Using EditorConfig core...
lession03-webpack/src/index.js: Using EditorConfig core...
lession03-webpack/src/index.js: Using EditorConfig core...
lession03-webpack/src/index.js: Using EditorConfig core...
lession03-webpack/src/index.js: Using EditorConfig core...
lession03-webpack/src/components/App/App.js: {}
lession03-webpack/src/index.js: {}
lession03-webpack/src/index.js: Using EditorConfig core...
lession03-webpack/src/index.js: Using EditorConfig core...
lession03-webpack/src/index.js: Using EditorConfig core...
lession03-webpack/src/index.js: Using EditorConfig core...
lession03-webpack/src/index.js: {}
lession03-webpack/src/index.js: Using EditorConfig core...
lession03-webpack/src/index.js: Using EditorConfig core...
lession03-webpack/src/index.js: Using EditorConfig core...
lession03-webpack/src/index.js: Using EditorConfig core...
lession03-webpack/src/index.js: Using EditorConfig core...
lession03-webpack/src/index.js: Using EditorConfig core...
lession03-webpack/src/index.js: Using EditorConfig core...
lession03-webpack/src/index.js: Using EditorConfig core...
lession03-webpack/src/index.js: Using EditorConfig core...
lession03-webpack/src/index.js: Using EditorConfig core...
lession03-webpack/src/index.js: Using EditorConfig core...
lession03-webpack/src/index.js: Using EditorConfig core...
lession03-webpack/src/index.js: Using EditorConfig core...
lession03-webpack/src/index.js: Using EditorConfig core...
lession03-webpack/src/index.js: Using EditorConfig core...
lession03-webpack/src/index.js: Using EditorConfig core...
lession03-webpack/src/index.js: Using EditorConfig core...
lession03-webpack/src/index.js: Using EditorConfig core...
lession03-webpack/src/index.js: Using EditorConfig core...
lession03-webpack/src/index.js: Using EditorConfig core...
lession03-webpack/src/index.js: Using EditorConfig core...
lession03-webpack/src/index.js: Using EditorConfig core...
lession03-webpack/src/index.js: Using EditorConfig core...
lession03-webpack/src/index.js: Using EditorConfig core...
lession03-webpack/src/index.js: Using EditorConfig core...
lession03-webpack/src/index.js: Using EditorConfig core...
lession03-webpack/src/index.js: Using EditorConfig core...
lession03-webpack/src/index.js: Using EditorConfig core...
lession03-webpack/src/index.js: Using EditorConfig core...
lession03-webpack/src/index.js: {}
lession03-webpack/src/index.js: {}
lession03-webpack/src/index.js: {}
lession03-webpack/src/index.js: {}
lession03-webpack/package.json: {}
lession03-webpack/package.json: Using EditorConfig core...
lession03-webpack/package.json: Using EditorConfig core...
lession03-webpack/package.json: Using EditorConfig core...
lession03-webpack/package.json: Using EditorConfig core...
lession03-webpack/package.json: Using EditorConfig core...
lession03-webpack/package.json: Using EditorConfig core...
lession03-webpack/package.json: Using EditorConfig core...
lession03-webpack/package.json: {}
lession03-webpack/package.json: {}
lession03-webpack/.babelrc: {}
lession03-webpack/.babelrc: {}
lession03-webpack/.babelrc: Using EditorConfig core...
lession03-webpack/.babelrc: Using EditorConfig core...
lession03-webpack/.babelrc: Using EditorConfig core...
lession03-webpack/.babelrc: Using EditorConfig core...
lession03-webpack/.babelrc: Using EditorConfig core...
lession03-webpack/.babelrc: {}
lession03-webpack/.babelrc: {}
lession03-webpack/package.json: {}
lession03-webpack/package.json: {}
lession03-webpack/package.json: {}
lession03-webpack/src/index.js: {}
lession03-webpack/src/index.js: {}
lession03-webpack/src/index.js: Using EditorConfig core...
lession03-webpack/src/index.js: Using EditorConfig core...
lession03-webpack/src/index.js: Using EditorConfig core...
lession03-webpack/src/index.js: Using EditorConfig core...
lession03-webpack/src/index.js: Using EditorConfig core...
lession03-webpack/src/index.js: {}
lession03-webpack/src/index.js: {}
lession03-webpack/src/index.js: {}
lession03-webpack/webpack.config.js: {}
lession03-webpack/webpack.config.js: Using EditorConfig core...
lession03-webpack/webpack.config.js: Using EditorConfig core...
lession03-webpack/webpack.config.js: Using EditorConfig core...
lession03-webpack/webpack.config.js: Using EditorConfig core...
lession03-webpack/webpack.config.js: Using EditorConfig core...
lession03-webpack/webpack.config.js: Using EditorConfig core...
lession03-webpack/webpack.config.js: Using EditorConfig core...
lession03-webpack/webpack.config.js: Using EditorConfig core...
lession03-webpack/webpack.config.js: Using EditorConfig core...
lession03-webpack/webpack.config.js: Using EditorConfig core...
lession03-webpack/webpack.config.js: Using EditorConfig core...
lession03-webpack/webpack.config.js: {}
lession03-webpack/webpack.config.js: {}
lession03-webpack/src/components/Menu/Menu.js: {}
lession03-webpack/src/components/Menu/Menu.js: Using EditorConfig core...
lession03-webpack/src/components/Menu/Menu.js: Using EditorConfig core...
lession03-webpack/src/components/Menu/Menu.js: Using EditorConfig core...
lession03-webpack/src/components/Menu/Menu.js: Using EditorConfig core...
lession03-webpack/src/components/Menu/Menu.js: Using EditorConfig core...
lession03-webpack/src/components/Menu/Menu.js: Using EditorConfig core...
lession03-webpack/src/components/Menu/Menu.js: Using EditorConfig core...
lession03-webpack/src/components/Menu/Menu.js: Using EditorConfig core...
lession03-webpack/src/components/Menu/Menu.js: {}
/home/admin123/.cache/typescript/3.4.3/node_modules/@types/react/index.d.ts: {}
lession03-webpack/src/components/Menu/Menu.js: {}
lession03-webpack/src/components/Menu/Menu.js: Using EditorConfig core...
lession03-webpack/src/components/Menu/Menu.js: Using EditorConfig core...
lession03-webpack/src/components/Menu/Menu.js: Using EditorConfig core...
lession03-webpack/src/components/Menu/Menu.js: Using EditorConfig core...
lession03-webpack/src/components/Menu/Menu.js: Using EditorConfig core...
lession03-webpack/src/components/Menu/Menu.js: Using EditorConfig core...
lession03-webpack/src/components/Menu/Menu.js: Using EditorConfig core...
lession03-webpack/src/components/Menu/Menu.js: Using EditorConfig core...
lession03-webpack/src/components/Menu/Menu.js: Using EditorConfig core...
lession03-webpack/src/components/Menu/Menu.js: Using EditorConfig core...
lession03-webpack/src/components/Menu/Menu.js: Using EditorConfig core...
lession03-webpack/src/components/Menu/Menu.js: Using EditorConfig core...
lession03-webpack/src/components/Menu/Menu.js: Using EditorConfig core...
lession03-webpack/src/components/Menu/Menu.js: Using EditorConfig core...
lession03-webpack/src/components/Menu/Menu.js: Using EditorConfig core...
lession03-webpack/src/components/Menu/Menu.js: Using EditorConfig core...
lession03-webpack/src/components/Menu/Menu.js: Using EditorConfig core...
lession03-webpack/src/components/Menu/Menu.js: {}
lession03-webpack/src/components/Menu/Menu.js: {}
lession03-webpack/package.json: {}
lession03-webpack/package.json: {}
lession03-webpack/index.html: {}
lession03-webpack/src/components/App/App.js: {}
lession03-webpack/src/components/Menu/Menu.js: {}
lession03-webpack/src/components/Menu/Menu.js: Using EditorConfig core...
lession03-webpack/src/components/Menu/Menu.js: Using EditorConfig core...
lession03-webpack/src/components/Menu/Menu.js: Using EditorConfig core...
lession03-webpack/src/components/Menu/Menu.js: Using EditorConfig core...
lession03-webpack/src/components/Menu/Menu.js: Using EditorConfig core...
lession03-webpack/src/components/Menu/Menu.js: Using EditorConfig core...
lession03-webpack/src/components/Menu/Menu.js: Using EditorConfig core...
lession03-webpack/src/components/Menu/Menu.js: Using EditorConfig core...
lession03-webpack/src/components/Menu/Menu.js: Using EditorConfig core...
lession03-webpack/src/components/Menu/Menu.js: Using EditorConfig core...
lession03-webpack/src/components/Menu/Menu.js: Using EditorConfig core...
lession03-webpack/src/components/Menu/Menu.js: Using EditorConfig core...
lession03-webpack/src/components/Menu/Menu.js: Using EditorConfig core...
lession03-webpack/src/components/Menu/Menu.js: Using EditorConfig core...
lession03-webpack/src/components/Menu/Menu.js: Using EditorConfig core...
lession03-webpack/src/components/Menu/Menu.js: {}
lession03-webpack/src/components/Menu/Menu.js: {}
lession03-webpack/src/components/Menu/Menu.js: Using EditorConfig core...
lession03-webpack/src/components/Menu/Menu.js: Using EditorConfig core...
lession03-webpack/src/components/Menu/Menu.js: Using EditorConfig core...
lession03-webpack/src/components/Menu/Menu.js: Using EditorConfig core...
lession03-webpack/src/components/Menu/Menu.js: Using EditorConfig core...
lession03-webpack/src/components/Menu/Menu.js: Using EditorConfig core...
lession03-webpack/src/components/Menu/Menu.js: Using EditorConfig core...
lession03-webpack/src/components/Menu/Menu.js: Using EditorConfig core...
lession03-webpack/src/components/Menu/Menu.js: Using EditorConfig core...
lession03-webpack/src/components/Menu/Menu.js: Using EditorConfig core...
lession03-webpack/src/components/Menu/Menu.js: Using EditorConfig core...
lession03-webpack/src/components/Menu/Menu.js: Using EditorConfig core...
lession03-webpack/src/components/Menu/Menu.js: Using EditorConfig core...
lession03-webpack/src/components/Menu/Menu.js: Using EditorConfig core...
lession03-webpack/src/components/Menu/Menu.js: Using EditorConfig core...
lession03-webpack/src/components/Menu/Menu.js: Using EditorConfig core...
lession03-webpack/src/components/Menu/Menu.js: {}
lession03-webpack/src/components/Menu/Menu.js: {}
lession03-webpack/src/components/Menu/Menu.js: {}
lession03-webpack/src/components/Menu/Menu.js: {}
lession03-webpack/src/components/Menu/Menu.js: Using EditorConfig core...
lession03-webpack/src/components/Menu/Menu.js: Using EditorConfig core...
lession03-webpack/src/components/Menu/Menu.js: Using EditorConfig core...
lession03-webpack/src/components/Menu/Menu.js: Using EditorConfig core...
lession03-webpack/src/components/Menu/Menu.js: Using EditorConfig core...
lession03-webpack/src/components/Menu/Menu.js: Using EditorConfig core...
lession03-webpack/src/components/Menu/Menu.js: Using EditorConfig core...
lession03-webpack/src/components/Menu/Menu.js: Using EditorConfig core...
lession03-webpack/src/components/Menu/Menu.js: Using EditorConfig core...
lession03-webpack/src/components/Menu/Menu.js: Using EditorConfig core...
lession03-webpack/src/components/Menu/Menu.js: {}
lession03-webpack/src/components/Menu/Menu.js: Using EditorConfig core...
lession03-webpack/src/components/Menu/Menu.js: Using EditorConfig core...
lession03-webpack/src/components/Menu/Menu.js: Using EditorConfig core...
lession03-webpack/src/components/Menu/Menu.js: Using EditorConfig core...
lession03-webpack/src/components/Menu/Menu.js: Using EditorConfig core...
lession03-webpack/src/components/Menu/Menu.js: Using EditorConfig core...
lession03-webpack/src/components/Menu/Menu.js: Using EditorConfig core...
lession03-webpack/src/components/Menu/Menu.js: Using EditorConfig core...
lession03-webpack/src/components/Menu/Menu.js: Using EditorConfig core...
lession03-webpack/src/components/Menu/Menu.js: Using EditorConfig core...
lession03-webpack/src/components/Menu/Menu.js: Using EditorConfig core...
lession03-webpack/src/components/Menu/Menu.js: Using EditorConfig core...
lession03-webpack/src/components/Menu/Menu.js: Using EditorConfig core...
lession03-webpack/src/components/Menu/Menu.js: {}
lession03-webpack/src/components/Menu/Menu.js: Using EditorConfig core...
lession03-webpack/src/components/Menu/Menu.js: Using EditorConfig core...
lession03-webpack/src/components/Menu/Menu.js: Using EditorConfig core...
lession03-webpack/src/components/Menu/Menu.js: Using EditorConfig core...
lession03-webpack/src/components/Menu/Menu.js: Using EditorConfig core...
lession03-webpack/src/components/Menu/Menu.js: Using EditorConfig core...
lession03-webpack/src/components/Menu/Menu.js: Using EditorConfig core...
lession03-webpack/src/components/Menu/Menu.js: {}
lession03-webpack/src/components/App/App.css: {}
lession03-webpack/src/components/App/App.js: {}
lession03-webpack/src/components/Menu/Menu.js: {}
lession03-webpack/src/components/Menu/Menu.js: Using EditorConfig core...
lession03-webpack/src/components/Menu/Menu.js: Using EditorConfig core...
lession03-webpack/src/components/Menu/Menu.js: Using EditorConfig core...
lession03-webpack/src/components/Menu/Menu.js: Using EditorConfig core...
lession03-webpack/src/components/Menu/Menu.js: Using EditorConfig core...
lession03-webpack/src/components/Menu/Menu.js: Using EditorConfig core...
lession03-webpack/src/components/Menu/Menu.js: Using EditorConfig core...
lession03-webpack/src/components/Menu/Menu.js: Using EditorConfig core...
lession03-webpack/src/components/App/App.css: {}
lession03-webpack/src/components/App/App.css: Using EditorConfig core...
lession03-webpack/src/components/App/App.css: Using EditorConfig core...
lession03-webpack/src/components/App/App.css: Using EditorConfig core...
lession03-webpack/src/components/App/App.css: Using EditorConfig core...
lession03-webpack/src/components/App/App.css: Using EditorConfig core...
lession03-webpack/src/components/Menu/Menu.js: {}
lession03-webpack/src/components/Menu/Menu.js: Using EditorConfig core...
lession03-webpack/src/components/Menu/Menu.js: Using EditorConfig core...
lession03-webpack/src/components/Menu/Menu.js: Using EditorConfig core...
lession03-webpack/src/components/Menu/Menu.js: Using EditorConfig core...
lession03-webpack/src/components/Menu/Menu.js: Using EditorConfig core...
lession03-webpack/src/components/Menu/Menu.js: Using EditorConfig core...
lession03-webpack/src/components/Menu/Menu.js: Using EditorConfig core...
lession03-webpack/src/components/Menu/Menu.js: Using EditorConfig core...
lession03-webpack/src/components/Menu/Menu.js: Using EditorConfig core...
lession03-webpack/src/components/Menu/Menu.js: Using EditorConfig core...
lession03-webpack/src/components/Menu/Menu.js: Using EditorConfig core...
lession03-webpack/src/components/Menu/Menu.js: Using EditorConfig core...
lession03-webpack/src/components/Menu/Menu.js: {}
lession03-webpack/src/components/Menu/Menu.js: Using EditorConfig core...
lession03-webpack/src/components/Menu/Menu.js: {}
lession03-webpack/src/components/Menu/Menu.js: {}
lession03-webpack/src/components/App/App.js: {}
lession03-webpack/src/components/App/App.js: Using EditorConfig core...
lession03-webpack/src/components/App/App.js: Using EditorConfig core...
lession03-webpack/src/components/App/App.js: Using EditorConfig core...
lession03-webpack/src/components/App/App.js: Using EditorConfig core...
lession03-webpack/src/components/App/App.js: Using EditorConfig core...
lession03-webpack/src/components/App/App.js: Using EditorConfig core...
lession03-webpack/src/components/App/App.js: {}
lession03-webpack/src/components/App/App.js: {}
lession03-webpack/src/components/App/App.js: {}
lession03-webpack/src/components/App/App.js: {}
lession03-webpack/src/components/App/App.js: {}
