[Server(8100) file:///var/www/webpack/lession03-webpack] Started and initialize received
[Server(8100) file:///var/www/webpack/lession03-webpack] Setup a stylesheet lookup map
[Server(8100) file:///var/www/webpack/lession03-webpack] Document opened: file:///var/www/webpack/lession03-webpack/webpack.config.js
[Server(8100) file:///var/www/webpack/lession03-webpack] Document changed: file:///var/www/webpack/lession03-webpack/webpack.config.js
[Server(8100) file:///var/www/webpack/lession03-webpack] Document opened: file:///var/www/webpack/lession03-webpack/index.html
[Server(8100) file:///var/www/webpack/lession03-webpack] Document changed: file:///var/www/webpack/lession03-webpack/index.html
[Server(8100) file:///var/www/webpack/lession03-webpack] Document changed: file:///var/www/webpack/lession03-webpack/index.html
[Server(8100) file:///var/www/webpack/lession03-webpack] Document changed: file:///var/www/webpack/lession03-webpack/index.html
[Server(8100) file:///var/www/webpack/lession03-webpack] Document changed: file:///var/www/webpack/lession03-webpack/index.html
[Server(8100) file:///var/www/webpack/lession03-webpack] Document changed: file:///var/www/webpack/lession03-webpack/index.html
[Server(8100) file:///var/www/webpack/lession03-webpack] Document changed: file:///var/www/webpack/lession03-webpack/index.html
[Server(8100) file:///var/www/webpack/lession03-webpack] Document changed: file:///var/www/webpack/lession03-webpack/index.html
[Server(8100) file:///var/www/webpack/lession03-webpack] Document changed: file:///var/www/webpack/lession03-webpack/webpack.config.js
[Server(8100) file:///var/www/webpack/lession03-webpack] Document changed: file:///var/www/webpack/lession03-webpack/webpack.config.js
[Server(8100) file:///var/www/webpack/lession03-webpack] Document changed: file:///var/www/webpack/lession03-webpack/webpack.config.js
[Server(8100) file:///var/www/webpack/lession03-webpack] Document changed: file:///var/www/webpack/lession03-webpack/webpack.config.js
[Server(8100) file:///var/www/webpack/lession03-webpack] Document changed: file:///var/www/webpack/lession03-webpack/webpack.config.js
[Server(8100) file:///var/www/webpack/lession03-webpack] Document changed: file:///var/www/webpack/lession03-webpack/webpack.config.js
[Server(8100) file:///var/www/webpack/lession03-webpack] Document changed: file:///var/www/webpack/lession03-webpack/webpack.config.js
[Server(8100) file:///var/www/webpack/lession03-webpack] Document changed: file:///var/www/webpack/lession03-webpack/webpack.config.js
[Server(8100) file:///var/www/webpack/lession03-webpack] Document changed: file:///var/www/webpack/lession03-webpack/webpack.config.js
[Server(8100) file:///var/www/webpack/lession03-webpack] Document changed: file:///var/www/webpack/lession03-webpack/webpack.config.js
[Server(8100) file:///var/www/webpack/lession03-webpack] Document changed: file:///var/www/webpack/lession03-webpack/webpack.config.js
[Server(8100) file:///var/www/webpack/lession03-webpack] Document changed: file:///var/www/webpack/lession03-webpack/webpack.config.js
[Server(8100) file:///var/www/webpack/lession03-webpack] Document changed: file:///var/www/webpack/lession03-webpack/webpack.config.js
[Server(8100) file:///var/www/webpack/lession03-webpack] Document changed: file:///var/www/webpack/lession03-webpack/webpack.config.js
[Server(8100) file:///var/www/webpack/lession03-webpack] Document changed: file:///var/www/webpack/lession03-webpack/webpack.config.js
[Server(8100) file:///var/www/webpack/lession03-webpack] Document changed: file:///var/www/webpack/lession03-webpack/webpack.config.js
[Server(8100) file:///var/www/webpack/lession03-webpack] Document changed: file:///var/www/webpack/lession03-webpack/webpack.config.js
[Server(8100) file:///var/www/webpack/lession03-webpack] Document changed: file:///var/www/webpack/lession03-webpack/webpack.config.js
[Server(8100) file:///var/www/webpack/lession03-webpack] Document changed: file:///var/www/webpack/lession03-webpack/webpack.config.js
[Server(8100) file:///var/www/webpack/lession03-webpack] Document changed: file:///var/www/webpack/lession03-webpack/webpack.config.js
[Server(8100) file:///var/www/webpack/lession03-webpack] Document changed: file:///var/www/webpack/lession03-webpack/webpack.config.js
[Server(8100) file:///var/www/webpack/lession03-webpack] Document changed: file:///var/www/webpack/lession03-webpack/webpack.config.js
[Server(8100) file:///var/www/webpack/lession03-webpack] Document changed: file:///var/www/webpack/lession03-webpack/webpack.config.js
[Server(8100) file:///var/www/webpack/lession03-webpack] Document changed: file:///var/www/webpack/lession03-webpack/webpack.config.js
[Server(8100) file:///var/www/webpack/lession03-webpack] Document changed: file:///var/www/webpack/lession03-webpack/webpack.config.js
[Server(8100) file:///var/www/webpack/lession03-webpack] Document changed: file:///var/www/webpack/lession03-webpack/webpack.config.js
[Server(8100) file:///var/www/webpack/lession03-webpack] Document changed: file:///var/www/webpack/lession03-webpack/webpack.config.js
[Server(8100) file:///var/www/webpack/lession03-webpack] Document changed: file:///var/www/webpack/lession03-webpack/webpack.config.js
[Server(8100) file:///var/www/webpack/lession03-webpack] Document changed: file:///var/www/webpack/lession03-webpack/webpack.config.js
[Server(8100) file:///var/www/webpack/lession03-webpack] Document changed: file:///var/www/webpack/lession03-webpack/webpack.config.js
[Server(8100) file:///var/www/webpack/lession03-webpack] Document changed: file:///var/www/webpack/lession03-webpack/webpack.config.js
[Server(8100) file:///var/www/webpack/lession03-webpack] Document changed: file:///var/www/webpack/lession03-webpack/webpack.config.js
[Server(8100) file:///var/www/webpack/lession03-webpack] Document changed: file:///var/www/webpack/lession03-webpack/webpack.config.js
[Server(8100) file:///var/www/webpack/lession03-webpack] Document changed: file:///var/www/webpack/lession03-webpack/webpack.config.js
[Server(8100) file:///var/www/webpack/lession03-webpack] Document changed: file:///var/www/webpack/lession03-webpack/webpack.config.js
[Server(8100) file:///var/www/webpack/lession03-webpack] Document changed: file:///var/www/webpack/lession03-webpack/webpack.config.js
[Server(8100) file:///var/www/webpack/lession03-webpack] Document changed: file:///var/www/webpack/lession03-webpack/webpack.config.js
[Server(8100) file:///var/www/webpack/lession03-webpack] Document changed: file:///var/www/webpack/lession03-webpack/webpack.config.js
[Server(8100) file:///var/www/webpack/lession03-webpack] Document changed: file:///var/www/webpack/lession03-webpack/webpack.config.js
[Server(8100) file:///var/www/webpack/lession03-webpack] Document changed: file:///var/www/webpack/lession03-webpack/webpack.config.js
[Server(8100) file:///var/www/webpack/lession03-webpack] Document changed: file:///var/www/webpack/lession03-webpack/webpack.config.js
[Server(8100) file:///var/www/webpack/lession03-webpack] Document changed: file:///var/www/webpack/lession03-webpack/webpack.config.js
[Server(8100) file:///var/www/webpack/lession03-webpack] Document changed: file:///var/www/webpack/lession03-webpack/webpack.config.js
[Server(8100) file:///var/www/webpack/lession03-webpack] Document changed: file:///var/www/webpack/lession03-webpack/webpack.config.js
[Server(8100) file:///var/www/webpack/lession03-webpack] Document changed: file:///var/www/webpack/lession03-webpack/webpack.config.js
[Server(8100) file:///var/www/webpack/lession03-webpack] Document changed: file:///var/www/webpack/lession03-webpack/webpack.config.js
[Server(8100) file:///var/www/webpack/lession03-webpack] Document changed: file:///var/www/webpack/lession03-webpack/webpack.config.js
[Server(8100) file:///var/www/webpack/lession03-webpack] Document changed: file:///var/www/webpack/lession03-webpack/webpack.config.js
[Server(8100) file:///var/www/webpack/lession03-webpack] Document changed: file:///var/www/webpack/lession03-webpack/webpack.config.js
[Server(8100) file:///var/www/webpack/lession03-webpack] Document changed: file:///var/www/webpack/lession03-webpack/webpack.config.js
[Server(8100) file:///var/www/webpack/lession03-webpack] Document changed: file:///var/www/webpack/lession03-webpack/webpack.config.js
[Server(8100) file:///var/www/webpack/lession03-webpack] Document changed: file:///var/www/webpack/lession03-webpack/webpack.config.js
[Server(8100) file:///var/www/webpack/lession03-webpack] Document changed: file:///var/www/webpack/lession03-webpack/webpack.config.js
[Server(8100) file:///var/www/webpack/lession03-webpack] Document changed: file:///var/www/webpack/lession03-webpack/webpack.config.js
[Server(8100) file:///var/www/webpack/lession03-webpack] Document changed: file:///var/www/webpack/lession03-webpack/webpack.config.js
[Server(8100) file:///var/www/webpack/lession03-webpack] Document changed: file:///var/www/webpack/lession03-webpack/webpack.config.js
[Server(8100) file:///var/www/webpack/lession03-webpack] Document changed: file:///var/www/webpack/lession03-webpack/webpack.config.js
[Server(8100) file:///var/www/webpack/lession03-webpack] Document changed: file:///var/www/webpack/lession03-webpack/webpack.config.js
[Server(8100) file:///var/www/webpack/lession03-webpack] Document changed: file:///var/www/webpack/lession03-webpack/webpack.config.js
[Server(8100) file:///var/www/webpack/lession03-webpack] Document changed: file:///var/www/webpack/lession03-webpack/webpack.config.js
[Server(8100) file:///var/www/webpack/lession03-webpack] Document changed: file:///var/www/webpack/lession03-webpack/webpack.config.js
[Server(8100) file:///var/www/webpack/lession03-webpack] Document changed: file:///var/www/webpack/lession03-webpack/webpack.config.js
[Server(8100) file:///var/www/webpack/lession03-webpack] Document changed: file:///var/www/webpack/lession03-webpack/webpack.config.js
[Server(8100) file:///var/www/webpack/lession03-webpack] Document changed: file:///var/www/webpack/lession03-webpack/webpack.config.js
[Server(8100) file:///var/www/webpack/lession03-webpack] Document changed: file:///var/www/webpack/lession03-webpack/webpack.config.js
[Server(8100) file:///var/www/webpack/lession03-webpack] Document changed: file:///var/www/webpack/lession03-webpack/webpack.config.js
[Server(8100) file:///var/www/webpack/lession03-webpack] Document changed: file:///var/www/webpack/lession03-webpack/webpack.config.js
[Server(8100) file:///var/www/webpack/lession03-webpack] Document changed: file:///var/www/webpack/lession03-webpack/webpack.config.js
[Server(8100) file:///var/www/webpack/lession03-webpack] Document changed: file:///var/www/webpack/lession03-webpack/webpack.config.js
[Server(8100) file:///var/www/webpack/lession03-webpack] Document changed: file:///var/www/webpack/lession03-webpack/webpack.config.js
[Server(8100) file:///var/www/webpack/lession03-webpack] Document changed: file:///var/www/webpack/lession03-webpack/webpack.config.js
[Server(8100) file:///var/www/webpack/lession03-webpack] Document changed: file:///var/www/webpack/lession03-webpack/webpack.config.js
[Server(8100) file:///var/www/webpack/lession03-webpack] Document changed: file:///var/www/webpack/lession03-webpack/webpack.config.js
[Server(8100) file:///var/www/webpack/lession03-webpack] Document changed: file:///var/www/webpack/lession03-webpack/webpack.config.js
[Server(8100) file:///var/www/webpack/lession03-webpack] Document changed: file:///var/www/webpack/lession03-webpack/webpack.config.js
[Server(8100) file:///var/www/webpack/lession03-webpack] Document changed: file:///var/www/webpack/lession03-webpack/webpack.config.js
[Server(8100) file:///var/www/webpack/lession03-webpack] Document changed: file:///var/www/webpack/lession03-webpack/webpack.config.js
[Server(8100) file:///var/www/webpack/lession03-webpack] Document changed: file:///var/www/webpack/lession03-webpack/webpack.config.js
[Server(8100) file:///var/www/webpack/lession03-webpack] Document changed: file:///var/www/webpack/lession03-webpack/webpack.config.js
[Server(8100) file:///var/www/webpack/lession03-webpack] Document changed: file:///var/www/webpack/lession03-webpack/webpack.config.js
[Server(8100) file:///var/www/webpack/lession03-webpack] Document changed: file:///var/www/webpack/lession03-webpack/webpack.config.js
[Server(8100) file:///var/www/webpack/lession03-webpack] Document changed: file:///var/www/webpack/lession03-webpack/webpack.config.js
[Server(8100) file:///var/www/webpack/lession03-webpack] Document changed: file:///var/www/webpack/lession03-webpack/webpack.config.js
[Server(8100) file:///var/www/webpack/lession03-webpack] Document changed: file:///var/www/webpack/lession03-webpack/webpack.config.js
[Server(8100) file:///var/www/webpack/lession03-webpack] Document changed: file:///var/www/webpack/lession03-webpack/webpack.config.js
[Server(8100) file:///var/www/webpack/lession03-webpack] Document changed: file:///var/www/webpack/lession03-webpack/webpack.config.js
[Server(8100) file:///var/www/webpack/lession03-webpack] Document changed: file:///var/www/webpack/lession03-webpack/webpack.config.js
[Server(8100) file:///var/www/webpack/lession03-webpack] Document changed: file:///var/www/webpack/lession03-webpack/webpack.config.js
[Server(8100) file:///var/www/webpack/lession03-webpack] Document changed: file:///var/www/webpack/lession03-webpack/webpack.config.js
[Server(8100) file:///var/www/webpack/lession03-webpack] Document changed: file:///var/www/webpack/lession03-webpack/webpack.config.js
[Server(8100) file:///var/www/webpack/lession03-webpack] Document changed: file:///var/www/webpack/lession03-webpack/webpack.config.js
[Server(8100) file:///var/www/webpack/lession03-webpack] Document changed: file:///var/www/webpack/lession03-webpack/webpack.config.js
[Server(8100) file:///var/www/webpack/lession03-webpack] Document changed: file:///var/www/webpack/lession03-webpack/webpack.config.js
[Server(8100) file:///var/www/webpack/lession03-webpack] Document changed: file:///var/www/webpack/lession03-webpack/webpack.config.js
[Server(8100) file:///var/www/webpack/lession03-webpack] Document changed: file:///var/www/webpack/lession03-webpack/webpack.config.js
[Server(8100) file:///var/www/webpack/lession03-webpack] Document changed: file:///var/www/webpack/lession03-webpack/webpack.config.js
[Server(8100) file:///var/www/webpack/lession03-webpack] Document changed: file:///var/www/webpack/lession03-webpack/webpack.config.js
[Server(8100) file:///var/www/webpack/lession03-webpack] Document changed: file:///var/www/webpack/lession03-webpack/webpack.config.js
[Server(8100) file:///var/www/webpack/lession03-webpack] Document changed: file:///var/www/webpack/lession03-webpack/webpack.config.js
[Server(8100) file:///var/www/webpack/lession03-webpack] Document changed: file:///var/www/webpack/lession03-webpack/webpack.config.js
[Server(8100) file:///var/www/webpack/lession03-webpack] Document changed: file:///var/www/webpack/lession03-webpack/webpack.config.js
[Server(8100) file:///var/www/webpack/lession03-webpack] Document changed: file:///var/www/webpack/lession03-webpack/webpack.config.js
[Server(8100) file:///var/www/webpack/lession03-webpack] Document changed: file:///var/www/webpack/lession03-webpack/webpack.config.js
[Server(8100) file:///var/www/webpack/lession03-webpack] Document changed: file:///var/www/webpack/lession03-webpack/webpack.config.js
[Server(8100) file:///var/www/webpack/lession03-webpack] Document changed: file:///var/www/webpack/lession03-webpack/webpack.config.js
[Server(8100) file:///var/www/webpack/lession03-webpack] Document changed: file:///var/www/webpack/lession03-webpack/webpack.config.js
[Server(8100) file:///var/www/webpack/lession03-webpack] Document changed: file:///var/www/webpack/lession03-webpack/webpack.config.js
[Server(8100) file:///var/www/webpack/lession03-webpack] Document changed: file:///var/www/webpack/lession03-webpack/webpack.config.js
[Server(8100) file:///var/www/webpack/lession03-webpack] Document changed: file:///var/www/webpack/lession03-webpack/webpack.config.js
[Server(8100) file:///var/www/webpack/lession03-webpack] Document changed: file:///var/www/webpack/lession03-webpack/webpack.config.js
[Server(8100) file:///var/www/webpack/lession03-webpack] Document changed: file:///var/www/webpack/lession03-webpack/webpack.config.js
[Server(8100) file:///var/www/webpack/lession03-webpack] Document changed: file:///var/www/webpack/lession03-webpack/webpack.config.js
[Server(8100) file:///var/www/webpack/lession03-webpack] Document changed: file:///var/www/webpack/lession03-webpack/webpack.config.js
[Server(8100) file:///var/www/webpack/lession03-webpack] Document changed: file:///var/www/webpack/lession03-webpack/webpack.config.js
[Server(8100) file:///var/www/webpack/lession03-webpack] Document changed: file:///var/www/webpack/lession03-webpack/webpack.config.js
[Server(8100) file:///var/www/webpack/lession03-webpack] Document changed: file:///var/www/webpack/lession03-webpack/webpack.config.js
[Server(8100) file:///var/www/webpack/lession03-webpack] Document changed: file:///var/www/webpack/lession03-webpack/webpack.config.js
[Server(8100) file:///var/www/webpack/lession03-webpack] Document changed: file:///var/www/webpack/lession03-webpack/webpack.config.js
[Server(8100) file:///var/www/webpack/lession03-webpack] Document changed: file:///var/www/webpack/lession03-webpack/webpack.config.js
[Server(8100) file:///var/www/webpack/lession03-webpack] Document changed: file:///var/www/webpack/lession03-webpack/webpack.config.js
[Server(8100) file:///var/www/webpack/lession03-webpack] Document changed: file:///var/www/webpack/lession03-webpack/webpack.config.js
[Server(8100) file:///var/www/webpack/lession03-webpack] Document changed: file:///var/www/webpack/lession03-webpack/webpack.config.js
[Server(8100) file:///var/www/webpack/lession03-webpack] Document changed: file:///var/www/webpack/lession03-webpack/webpack.config.js
[Server(8100) file:///var/www/webpack/lession03-webpack] Document changed: file:///var/www/webpack/lession03-webpack/webpack.config.js
[Server(8100) file:///var/www/webpack/lession03-webpack] Document changed: file:///var/www/webpack/lession03-webpack/webpack.config.js
[Server(8100) file:///var/www/webpack/lession03-webpack] Document changed: file:///var/www/webpack/lession03-webpack/webpack.config.js
[Server(8100) file:///var/www/webpack/lession03-webpack] Document changed: file:///var/www/webpack/lession03-webpack/webpack.config.js
[Server(8100) file:///var/www/webpack/lession03-webpack] Document changed: file:///var/www/webpack/lession03-webpack/webpack.config.js
[Server(8100) file:///var/www/webpack/lession03-webpack] Document changed: file:///var/www/webpack/lession03-webpack/webpack.config.js
[Server(8100) file:///var/www/webpack/lession03-webpack] Document changed: file:///var/www/webpack/lession03-webpack/webpack.config.js
[Server(8100) file:///var/www/webpack/lession03-webpack] Document changed: file:///var/www/webpack/lession03-webpack/webpack.config.js
[Server(8100) file:///var/www/webpack/lession03-webpack] Document changed: file:///var/www/webpack/lession03-webpack/webpack.config.js
[Server(8100) file:///var/www/webpack/lession03-webpack] Document changed: file:///var/www/webpack/lession03-webpack/webpack.config.js
[Server(8100) file:///var/www/webpack/lession03-webpack] Document changed: file:///var/www/webpack/lession03-webpack/webpack.config.js
[Server(8100) file:///var/www/webpack/lession03-webpack] Document changed: file:///var/www/webpack/lession03-webpack/webpack.config.js
[Server(8100) file:///var/www/webpack/lession03-webpack] Document changed: file:///var/www/webpack/lession03-webpack/webpack.config.js
[Server(8100) file:///var/www/webpack/lession03-webpack] Document changed: file:///var/www/webpack/lession03-webpack/webpack.config.js
[Server(8100) file:///var/www/webpack/lession03-webpack] Document changed: file:///var/www/webpack/lession03-webpack/webpack.config.js
[Server(8100) file:///var/www/webpack/lession03-webpack] Document changed: file:///var/www/webpack/lession03-webpack/webpack.config.js
[Server(8100) file:///var/www/webpack/lession03-webpack] Document changed: file:///var/www/webpack/lession03-webpack/webpack.config.js
[Server(8100) file:///var/www/webpack/lession03-webpack] Document changed: file:///var/www/webpack/lession03-webpack/webpack.config.js
[Server(8100) file:///var/www/webpack/lession03-webpack] Document changed: file:///var/www/webpack/lession03-webpack/webpack.config.js
[Server(8100) file:///var/www/webpack/lession03-webpack] Document changed: file:///var/www/webpack/lession03-webpack/webpack.config.js
[Server(8100) file:///var/www/webpack/lession03-webpack] Document changed: file:///var/www/webpack/lession03-webpack/webpack.config.js
[Server(8100) file:///var/www/webpack/lession03-webpack] Document changed: file:///var/www/webpack/lession03-webpack/webpack.config.js
[Server(8100) file:///var/www/webpack/lession03-webpack] Document changed: file:///var/www/webpack/lession03-webpack/webpack.config.js
[Server(8100) file:///var/www/webpack/lession03-webpack] Document changed: file:///var/www/webpack/lession03-webpack/webpack.config.js
[Server(8100) file:///var/www/webpack/lession03-webpack] Document changed: file:///var/www/webpack/lession03-webpack/webpack.config.js
[Server(8100) file:///var/www/webpack/lession03-webpack] Document changed: file:///var/www/webpack/lession03-webpack/webpack.config.js
[Server(8100) file:///var/www/webpack/lession03-webpack] Document changed: file:///var/www/webpack/lession03-webpack/webpack.config.js
[Server(8100) file:///var/www/webpack/lession03-webpack] Document changed: file:///var/www/webpack/lession03-webpack/webpack.config.js
[Server(8100) file:///var/www/webpack/lession03-webpack] Document changed: file:///var/www/webpack/lession03-webpack/webpack.config.js
[Server(8100) file:///var/www/webpack/lession03-webpack] Document changed: file:///var/www/webpack/lession03-webpack/webpack.config.js
[Server(8100) file:///var/www/webpack/lession03-webpack] Document changed: file:///var/www/webpack/lession03-webpack/webpack.config.js
[Server(8100) file:///var/www/webpack/lession03-webpack] Document changed: file:///var/www/webpack/lession03-webpack/webpack.config.js
[Server(8100) file:///var/www/webpack/lession03-webpack] Document changed: file:///var/www/webpack/lession03-webpack/webpack.config.js
[Server(8100) file:///var/www/webpack/lession03-webpack] Document changed: file:///var/www/webpack/lession03-webpack/webpack.config.js
[Server(8100) file:///var/www/webpack/lession03-webpack] Document changed: file:///var/www/webpack/lession03-webpack/webpack.config.js
[Server(8100) file:///var/www/webpack/lession03-webpack] Document changed: file:///var/www/webpack/lession03-webpack/webpack.config.js
[Server(8100) file:///var/www/webpack/lession03-webpack] Document changed: file:///var/www/webpack/lession03-webpack/webpack.config.js
[Server(8100) file:///var/www/webpack/lession03-webpack] Document changed: file:///var/www/webpack/lession03-webpack/webpack.config.js
[Server(8100) file:///var/www/webpack/lession03-webpack] Document changed: file:///var/www/webpack/lession03-webpack/webpack.config.js
[Server(8100) file:///var/www/webpack/lession03-webpack] Document changed: file:///var/www/webpack/lession03-webpack/webpack.config.js
[Server(8100) file:///var/www/webpack/lession03-webpack] Document changed: file:///var/www/webpack/lession03-webpack/webpack.config.js
[Server(8100) file:///var/www/webpack/lession03-webpack] Document changed: file:///var/www/webpack/lession03-webpack/webpack.config.js
[Server(8100) file:///var/www/webpack/lession03-webpack] Document changed: file:///var/www/webpack/lession03-webpack/webpack.config.js
[Server(8100) file:///var/www/webpack/lession03-webpack] Document changed: file:///var/www/webpack/lession03-webpack/webpack.config.js
[Server(8100) file:///var/www/webpack/lession03-webpack] Document changed: file:///var/www/webpack/lession03-webpack/webpack.config.js
[Server(8100) file:///var/www/webpack/lession03-webpack] Document changed: file:///var/www/webpack/lession03-webpack/webpack.config.js
[Server(8100) file:///var/www/webpack/lession03-webpack] Document changed: file:///var/www/webpack/lession03-webpack/webpack.config.js
[Server(8100) file:///var/www/webpack/lession03-webpack] Document changed: file:///var/www/webpack/lession03-webpack/webpack.config.js
[Server(8100) file:///var/www/webpack/lession03-webpack] Document changed: file:///var/www/webpack/lession03-webpack/webpack.config.js
[Server(8100) file:///var/www/webpack/lession03-webpack] Document changed: file:///var/www/webpack/lession03-webpack/webpack.config.js
[Server(8100) file:///var/www/webpack/lession03-webpack] Document changed: file:///var/www/webpack/lession03-webpack/webpack.config.js
[Server(8100) file:///var/www/webpack/lession03-webpack] Document changed: file:///var/www/webpack/lession03-webpack/webpack.config.js
[Server(8100) file:///var/www/webpack/lession03-webpack] Document changed: file:///var/www/webpack/lession03-webpack/webpack.config.js
[Server(8100) file:///var/www/webpack/lession03-webpack] Document changed: file:///var/www/webpack/lession03-webpack/webpack.config.js
[Server(8100) file:///var/www/webpack/lession03-webpack] Document changed: file:///var/www/webpack/lession03-webpack/webpack.config.js
[Server(8100) file:///var/www/webpack/lession03-webpack] Document changed: file:///var/www/webpack/lession03-webpack/webpack.config.js
[Server(8100) file:///var/www/webpack/lession03-webpack] Document changed: file:///var/www/webpack/lession03-webpack/webpack.config.js
[Server(8100) file:///var/www/webpack/lession03-webpack] Document changed: file:///var/www/webpack/lession03-webpack/webpack.config.js
[Server(8100) file:///var/www/webpack/lession03-webpack] Document changed: file:///var/www/webpack/lession03-webpack/webpack.config.js
[Server(8100) file:///var/www/webpack/lession03-webpack] Document changed: file:///var/www/webpack/lession03-webpack/webpack.config.js
[Server(8100) file:///var/www/webpack/lession03-webpack] Document changed: file:///var/www/webpack/lession03-webpack/webpack.config.js
[Server(8100) file:///var/www/webpack/lession03-webpack] Document changed: file:///var/www/webpack/lession03-webpack/webpack.config.js
[Server(8100) file:///var/www/webpack/lession03-webpack] Document changed: file:///var/www/webpack/lession03-webpack/webpack.config.js
[Server(8100) file:///var/www/webpack/lession03-webpack] Document changed: file:///var/www/webpack/lession03-webpack/webpack.config.js
[Server(8100) file:///var/www/webpack/lession03-webpack] Document changed: file:///var/www/webpack/lession03-webpack/webpack.config.js
[Server(8100) file:///var/www/webpack/lession03-webpack] Document changed: file:///var/www/webpack/lession03-webpack/webpack.config.js
[Server(8100) file:///var/www/webpack/lession03-webpack] Document changed: file:///var/www/webpack/lession03-webpack/webpack.config.js
[Server(8100) file:///var/www/webpack/lession03-webpack] Document changed: file:///var/www/webpack/lession03-webpack/webpack.config.js
[Server(8100) file:///var/www/webpack/lession03-webpack] Document changed: file:///var/www/webpack/lession03-webpack/webpack.config.js
[Server(8100) file:///var/www/webpack/lession03-webpack] Document changed: file:///var/www/webpack/lession03-webpack/webpack.config.js
[Server(8100) file:///var/www/webpack/lession03-webpack] Document changed: file:///var/www/webpack/lession03-webpack/webpack.config.js
[Server(8100) file:///var/www/webpack/lession03-webpack] Document changed: file:///var/www/webpack/lession03-webpack/webpack.config.js
[Server(8100) file:///var/www/webpack/lession03-webpack] Document changed: file:///var/www/webpack/lession03-webpack/webpack.config.js
[Server(8100) file:///var/www/webpack/lession03-webpack] Document changed: file:///var/www/webpack/lession03-webpack/webpack.config.js
[Server(8100) file:///var/www/webpack/lession03-webpack] Document changed: file:///var/www/webpack/lession03-webpack/webpack.config.js
[Server(8100) file:///var/www/webpack/lession03-webpack] Document changed: file:///var/www/webpack/lession03-webpack/webpack.config.js
[Server(8100) file:///var/www/webpack/lession03-webpack] Document changed: file:///var/www/webpack/lession03-webpack/webpack.config.js
[Server(8100) file:///var/www/webpack/lession03-webpack] Document changed: file:///var/www/webpack/lession03-webpack/webpack.config.js
[Server(8100) file:///var/www/webpack/lession03-webpack] Document changed: file:///var/www/webpack/lession03-webpack/webpack.config.js
[Server(8100) file:///var/www/webpack/lession03-webpack] Document changed: file:///var/www/webpack/lession03-webpack/webpack.config.js
[Server(8100) file:///var/www/webpack/lession03-webpack] Document changed: file:///var/www/webpack/lession03-webpack/webpack.config.js
[Server(8100) file:///var/www/webpack/lession03-webpack] Document changed: file:///var/www/webpack/lession03-webpack/webpack.config.js
[Server(8100) file:///var/www/webpack/lession03-webpack] Document changed: file:///var/www/webpack/lession03-webpack/webpack.config.js
[Server(8100) file:///var/www/webpack/lession03-webpack] Document changed: file:///var/www/webpack/lession03-webpack/webpack.config.js
[Server(8100) file:///var/www/webpack/lession03-webpack] Document changed: file:///var/www/webpack/lession03-webpack/webpack.config.js
[Server(8100) file:///var/www/webpack/lession03-webpack] Document changed: file:///var/www/webpack/lession03-webpack/webpack.config.js
[Server(8100) file:///var/www/webpack/lession03-webpack] Document changed: file:///var/www/webpack/lession03-webpack/webpack.config.js
[Server(8100) file:///var/www/webpack/lession03-webpack] Document changed: file:///var/www/webpack/lession03-webpack/webpack.config.js
[Server(8100) file:///var/www/webpack/lession03-webpack] Document changed: file:///var/www/webpack/lession03-webpack/webpack.config.js
[Server(8100) file:///var/www/webpack/lession03-webpack] Document changed: file:///var/www/webpack/lession03-webpack/webpack.config.js
[Server(8100) file:///var/www/webpack/lession03-webpack] Document changed: file:///var/www/webpack/lession03-webpack/webpack.config.js
[Server(8100) file:///var/www/webpack/lession03-webpack] Document changed: file:///var/www/webpack/lession03-webpack/webpack.config.js
[Server(8100) file:///var/www/webpack/lession03-webpack] Document changed: file:///var/www/webpack/lession03-webpack/webpack.config.js
[Server(8100) file:///var/www/webpack/lession03-webpack] Document changed: file:///var/www/webpack/lession03-webpack/webpack.config.js
[Server(8100) file:///var/www/webpack/lession03-webpack] Document changed: file:///var/www/webpack/lession03-webpack/webpack.config.js
[Server(8100) file:///var/www/webpack/lession03-webpack] Document changed: file:///var/www/webpack/lession03-webpack/webpack.config.js
[Server(8100) file:///var/www/webpack/lession03-webpack] Document changed: file:///var/www/webpack/lession03-webpack/webpack.config.js
[Server(8100) file:///var/www/webpack/lession03-webpack] Document changed: file:///var/www/webpack/lession03-webpack/webpack.config.js
[Server(8100) file:///var/www/webpack/lession03-webpack] Document changed: file:///var/www/webpack/lession03-webpack/webpack.config.js
[Server(8100) file:///var/www/webpack/lession03-webpack] Document changed: file:///var/www/webpack/lession03-webpack/webpack.config.js
[Server(8100) file:///var/www/webpack/lession03-webpack] Document changed: file:///var/www/webpack/lession03-webpack/webpack.config.js
[Server(8100) file:///var/www/webpack/lession03-webpack] Document changed: file:///var/www/webpack/lession03-webpack/webpack.config.js
[Server(8100) file:///var/www/webpack/lession03-webpack] Document changed: file:///var/www/webpack/lession03-webpack/webpack.config.js
[Server(8100) file:///var/www/webpack/lession03-webpack] Document changed: file:///var/www/webpack/lession03-webpack/webpack.config.js
[Server(8100) file:///var/www/webpack/lession03-webpack] Document changed: file:///var/www/webpack/lession03-webpack/webpack.config.js
[Server(8100) file:///var/www/webpack/lession03-webpack] Document changed: file:///var/www/webpack/lession03-webpack/webpack.config.js
[Server(8100) file:///var/www/webpack/lession03-webpack] Document changed: file:///var/www/webpack/lession03-webpack/webpack.config.js
[Server(8100) file:///var/www/webpack/lession03-webpack] Document changed: file:///var/www/webpack/lession03-webpack/webpack.config.js
[Server(8100) file:///var/www/webpack/lession03-webpack] Document changed: file:///var/www/webpack/lession03-webpack/webpack.config.js
[Server(8100) file:///var/www/webpack/lession03-webpack] Document changed: file:///var/www/webpack/lession03-webpack/webpack.config.js
[Server(8100) file:///var/www/webpack/lession03-webpack] Document changed: file:///var/www/webpack/lession03-webpack/webpack.config.js
[Server(8100) file:///var/www/webpack/lession03-webpack] Document changed: file:///var/www/webpack/lession03-webpack/webpack.config.js
[Server(8100) file:///var/www/webpack/lession03-webpack] Document changed: file:///var/www/webpack/lession03-webpack/webpack.config.js
[Server(8100) file:///var/www/webpack/lession03-webpack] Document changed: file:///var/www/webpack/lession03-webpack/webpack.config.js
[Server(8100) file:///var/www/webpack/lession03-webpack] Document changed: file:///var/www/webpack/lession03-webpack/webpack.config.js
[Server(8100) file:///var/www/webpack/lession03-webpack] Document changed: file:///var/www/webpack/lession03-webpack/webpack.config.js
[Server(8100) file:///var/www/webpack/lession03-webpack] Document changed: file:///var/www/webpack/lession03-webpack/webpack.config.js
[Server(8100) file:///var/www/webpack/lession03-webpack] Document changed: file:///var/www/webpack/lession03-webpack/webpack.config.js
[Server(8100) file:///var/www/webpack/lession03-webpack] Document changed: file:///var/www/webpack/lession03-webpack/webpack.config.js
[Server(8100) file:///var/www/webpack/lession03-webpack] Document changed: file:///var/www/webpack/lession03-webpack/webpack.config.js
[Server(8100) file:///var/www/webpack/lession03-webpack] Document changed: file:///var/www/webpack/lession03-webpack/webpack.config.js
[Server(8100) file:///var/www/webpack/lession03-webpack] Document changed: file:///var/www/webpack/lession03-webpack/webpack.config.js
[Server(8100) file:///var/www/webpack/lession03-webpack] Document changed: file:///var/www/webpack/lession03-webpack/webpack.config.js
[Server(8100) file:///var/www/webpack/lession03-webpack] Document changed: file:///var/www/webpack/lession03-webpack/webpack.config.js
[Server(8100) file:///var/www/webpack/lession03-webpack] Document changed: file:///var/www/webpack/lession03-webpack/webpack.config.js
[Server(8100) file:///var/www/webpack/lession03-webpack] Document changed: file:///var/www/webpack/lession03-webpack/webpack.config.js
[Server(8100) file:///var/www/webpack/lession03-webpack] Document changed: file:///var/www/webpack/lession03-webpack/webpack.config.js
[Server(8100) file:///var/www/webpack/lession03-webpack] Document changed: file:///var/www/webpack/lession03-webpack/webpack.config.js
[Server(8100) file:///var/www/webpack/lession03-webpack] Document changed: file:///var/www/webpack/lession03-webpack/webpack.config.js
[Server(8100) file:///var/www/webpack/lession03-webpack] Document changed: file:///var/www/webpack/lession03-webpack/webpack.config.js
[Server(8100) file:///var/www/webpack/lession03-webpack] Document changed: file:///var/www/webpack/lession03-webpack/webpack.config.js
[Server(8100) file:///var/www/webpack/lession03-webpack] Document changed: file:///var/www/webpack/lession03-webpack/webpack.config.js
[Server(8100) file:///var/www/webpack/lession03-webpack] Document changed: file:///var/www/webpack/lession03-webpack/webpack.config.js
[Server(8100) file:///var/www/webpack/lession03-webpack] Document changed: file:///var/www/webpack/lession03-webpack/webpack.config.js
[Server(8100) file:///var/www/webpack/lession03-webpack] Document changed: file:///var/www/webpack/lession03-webpack/webpack.config.js
[Server(8100) file:///var/www/webpack/lession03-webpack] Document changed: file:///var/www/webpack/lession03-webpack/webpack.config.js
[Server(8100) file:///var/www/webpack/lession03-webpack] Document changed: file:///var/www/webpack/lession03-webpack/webpack.config.js
[Server(8100) file:///var/www/webpack/lession03-webpack] Document changed: file:///var/www/webpack/lession03-webpack/webpack.config.js
[Server(8100) file:///var/www/webpack/lession03-webpack] Document changed: file:///var/www/webpack/lession03-webpack/webpack.config.js
[Server(8100) file:///var/www/webpack/lession03-webpack] Document changed: file:///var/www/webpack/lession03-webpack/webpack.config.js
[Server(8100) file:///var/www/webpack/lession03-webpack] Document changed: file:///var/www/webpack/lession03-webpack/webpack.config.js
[Server(8100) file:///var/www/webpack/lession03-webpack] Document changed: file:///var/www/webpack/lession03-webpack/webpack.config.js
[Server(8100) file:///var/www/webpack/lession03-webpack] Document changed: file:///var/www/webpack/lession03-webpack/webpack.config.js
Invalid Selector...
[Server(8100) file:///var/www/webpack/lession03-webpack] Document changed: file:///var/www/webpack/lession03-webpack/index.html
[Server(8100) file:///var/www/webpack/lession03-webpack] Document changed: file:///var/www/webpack/lession03-webpack/index.html
[Server(8100) file:///var/www/webpack/lession03-webpack] Document changed: file:///var/www/webpack/lession03-webpack/index.html
[Server(8100) file:///var/www/webpack/lession03-webpack] Document changed: file:///var/www/webpack/lession03-webpack/index.html
[Server(8100) file:///var/www/webpack/lession03-webpack] Document changed: file:///var/www/webpack/lession03-webpack/index.html
[Server(8100) file:///var/www/webpack/lession03-webpack] Document changed: file:///var/www/webpack/lession03-webpack/index.html
[Server(8100) file:///var/www/webpack/lession03-webpack] Document changed: file:///var/www/webpack/lession03-webpack/index.html
[Server(8100) file:///var/www/webpack/lession03-webpack] Document changed: file:///var/www/webpack/lession03-webpack/index.html
[Server(8100) file:///var/www/webpack/lession03-webpack] Document changed: file:///var/www/webpack/lession03-webpack/index.html
[Server(8100) file:///var/www/webpack/lession03-webpack] Document changed: file:///var/www/webpack/lession03-webpack/index.html
[Server(8100) file:///var/www/webpack/lession03-webpack] Document changed: file:///var/www/webpack/lession03-webpack/index.html
[Server(8100) file:///var/www/webpack/lession03-webpack] Document changed: file:///var/www/webpack/lession03-webpack/index.html
[Server(8100) file:///var/www/webpack/lession03-webpack] Document changed: file:///var/www/webpack/lession03-webpack/index.html
[Server(8100) file:///var/www/webpack/lession03-webpack] Document changed: file:///var/www/webpack/lession03-webpack/index.html
[Server(8100) file:///var/www/webpack/lession03-webpack] Document changed: file:///var/www/webpack/lession03-webpack/index.html
[Server(8100) file:///var/www/webpack/lession03-webpack] Document changed: file:///var/www/webpack/lession03-webpack/index.html
[Server(8100) file:///var/www/webpack/lession03-webpack] Document changed: file:///var/www/webpack/lession03-webpack/index.html
[Server(8100) file:///var/www/webpack/lession03-webpack] Document changed: file:///var/www/webpack/lession03-webpack/index.html
[Server(8100) file:///var/www/webpack/lession03-webpack] Document changed: file:///var/www/webpack/lession03-webpack/index.html
[Server(8100) file:///var/www/webpack/lession03-webpack] Document changed: file:///var/www/webpack/lession03-webpack/index.html
[Server(8100) file:///var/www/webpack/lession03-webpack] Document changed: file:///var/www/webpack/lession03-webpack/index.html
[Server(8100) file:///var/www/webpack/lession03-webpack] Document changed: file:///var/www/webpack/lession03-webpack/index.html
[Server(8100) file:///var/www/webpack/lession03-webpack] Document changed: file:///var/www/webpack/lession03-webpack/index.html
[Server(8100) file:///var/www/webpack/lession03-webpack] Document changed: file:///var/www/webpack/lession03-webpack/index.html
[Server(8100) file:///var/www/webpack/lession03-webpack] Document changed: file:///var/www/webpack/lession03-webpack/index.html
[Server(8100) file:///var/www/webpack/lession03-webpack] Document changed: file:///var/www/webpack/lession03-webpack/index.html
[Server(8100) file:///var/www/webpack/lession03-webpack] Document changed: file:///var/www/webpack/lession03-webpack/index.html
[Server(8100) file:///var/www/webpack/lession03-webpack] Document changed: file:///var/www/webpack/lession03-webpack/index.html
[Server(8100) file:///var/www/webpack/lession03-webpack] Document changed: file:///var/www/webpack/lession03-webpack/index.html
[Server(8100) file:///var/www/webpack/lession03-webpack] Document changed: file:///var/www/webpack/lession03-webpack/index.html
[Server(8100) file:///var/www/webpack/lession03-webpack] Document changed: file:///var/www/webpack/lession03-webpack/index.html
[Server(8100) file:///var/www/webpack/lession03-webpack] Document changed: file:///var/www/webpack/lession03-webpack/index.html
[Server(8100) file:///var/www/webpack/lession03-webpack] Document changed: file:///var/www/webpack/lession03-webpack/index.html
[Server(8100) file:///var/www/webpack/lession03-webpack] Document changed: file:///var/www/webpack/lession03-webpack/index.html
[Server(8100) file:///var/www/webpack/lession03-webpack] Document changed: file:///var/www/webpack/lession03-webpack/index.html
[Server(8100) file:///var/www/webpack/lession03-webpack] Document opened: file:///var/www/webpack/lession03-webpack/src/index.js
[Server(8100) file:///var/www/webpack/lession03-webpack] Document changed: file:///var/www/webpack/lession03-webpack/src/index.js
[Server(8100) file:///var/www/webpack/lession03-webpack] Document changed: file:///var/www/webpack/lession03-webpack/src/index.js
[Server(8100) file:///var/www/webpack/lession03-webpack] Document changed: file:///var/www/webpack/lession03-webpack/src/index.js
[Server(8100) file:///var/www/webpack/lession03-webpack] Document changed: file:///var/www/webpack/lession03-webpack/src/index.js
[Server(8100) file:///var/www/webpack/lession03-webpack] Document changed: file:///var/www/webpack/lession03-webpack/src/index.js
[Server(8100) file:///var/www/webpack/lession03-webpack] Document changed: file:///var/www/webpack/lession03-webpack/src/index.js
[Server(8100) file:///var/www/webpack/lession03-webpack] Document changed: file:///var/www/webpack/lession03-webpack/src/index.js
[Server(8100) file:///var/www/webpack/lession03-webpack] Document changed: file:///var/www/webpack/lession03-webpack/src/index.js
[Server(8100) file:///var/www/webpack/lession03-webpack] Document changed: file:///var/www/webpack/lession03-webpack/src/index.js
[Server(8100) file:///var/www/webpack/lession03-webpack] Document changed: file:///var/www/webpack/lession03-webpack/src/index.js
[Server(8100) file:///var/www/webpack/lession03-webpack] Document changed: file:///var/www/webpack/lession03-webpack/src/index.js
[Server(8100) file:///var/www/webpack/lession03-webpack] Document changed: file:///var/www/webpack/lession03-webpack/src/index.js
[Server(8100) file:///var/www/webpack/lession03-webpack] Document changed: file:///var/www/webpack/lession03-webpack/src/index.js
[Server(8100) file:///var/www/webpack/lession03-webpack] Document changed: file:///var/www/webpack/lession03-webpack/src/index.js
[Server(8100) file:///var/www/webpack/lession03-webpack] Document changed: file:///var/www/webpack/lession03-webpack/src/index.js
[Server(8100) file:///var/www/webpack/lession03-webpack] Document changed: file:///var/www/webpack/lession03-webpack/src/index.js
[Server(8100) file:///var/www/webpack/lession03-webpack] Document changed: file:///var/www/webpack/lession03-webpack/src/index.js
[Server(8100) file:///var/www/webpack/lession03-webpack] Document changed: file:///var/www/webpack/lession03-webpack/src/index.js
[Server(8100) file:///var/www/webpack/lession03-webpack] Document changed: file:///var/www/webpack/lession03-webpack/src/index.js
[Server(8100) file:///var/www/webpack/lession03-webpack] Document changed: file:///var/www/webpack/lession03-webpack/src/index.js
[Server(8100) file:///var/www/webpack/lession03-webpack] Document changed: file:///var/www/webpack/lession03-webpack/src/index.js
[Server(8100) file:///var/www/webpack/lession03-webpack] Document changed: file:///var/www/webpack/lession03-webpack/src/index.js
[Server(8100) file:///var/www/webpack/lession03-webpack] Document changed: file:///var/www/webpack/lession03-webpack/src/index.js
[Server(8100) file:///var/www/webpack/lession03-webpack] Document changed: file:///var/www/webpack/lession03-webpack/src/index.js
[Server(8100) file:///var/www/webpack/lession03-webpack] Document changed: file:///var/www/webpack/lession03-webpack/src/index.js
[Server(8100) file:///var/www/webpack/lession03-webpack] Document changed: file:///var/www/webpack/lession03-webpack/src/index.js
[Server(8100) file:///var/www/webpack/lession03-webpack] Document changed: file:///var/www/webpack/lession03-webpack/src/index.js
[Server(8100) file:///var/www/webpack/lession03-webpack] Document changed: file:///var/www/webpack/lession03-webpack/src/index.js
[Server(8100) file:///var/www/webpack/lession03-webpack] Document changed: file:///var/www/webpack/lession03-webpack/src/index.js
[Server(8100) file:///var/www/webpack/lession03-webpack] Document changed: file:///var/www/webpack/lession03-webpack/src/index.js
[Server(8100) file:///var/www/webpack/lession03-webpack] Document changed: file:///var/www/webpack/lession03-webpack/src/index.js
[Server(8100) file:///var/www/webpack/lession03-webpack] Document changed: file:///var/www/webpack/lession03-webpack/src/index.js
[Server(8100) file:///var/www/webpack/lession03-webpack] Document changed: file:///var/www/webpack/lession03-webpack/src/index.js
[Server(8100) file:///var/www/webpack/lession03-webpack] Document changed: file:///var/www/webpack/lession03-webpack/src/index.js
[Server(8100) file:///var/www/webpack/lession03-webpack] Document changed: file:///var/www/webpack/lession03-webpack/src/index.js
[Server(8100) file:///var/www/webpack/lession03-webpack] Document changed: file:///var/www/webpack/lession03-webpack/src/index.js
[Server(8100) file:///var/www/webpack/lession03-webpack] Document changed: file:///var/www/webpack/lession03-webpack/src/index.js
[Server(8100) file:///var/www/webpack/lession03-webpack] Document changed: file:///var/www/webpack/lession03-webpack/src/index.js
[Server(8100) file:///var/www/webpack/lession03-webpack] Document changed: file:///var/www/webpack/lession03-webpack/src/index.js
[Server(8100) file:///var/www/webpack/lession03-webpack] Document changed: file:///var/www/webpack/lession03-webpack/src/index.js
[Server(8100) file:///var/www/webpack/lession03-webpack] Document changed: file:///var/www/webpack/lession03-webpack/src/index.js
[Server(8100) file:///var/www/webpack/lession03-webpack] Document changed: file:///var/www/webpack/lession03-webpack/src/index.js
[Server(8100) file:///var/www/webpack/lession03-webpack] Document changed: file:///var/www/webpack/lession03-webpack/src/index.js
[Server(8100) file:///var/www/webpack/lession03-webpack] Document changed: file:///var/www/webpack/lession03-webpack/src/index.js
[Server(8100) file:///var/www/webpack/lession03-webpack] Document changed: file:///var/www/webpack/lession03-webpack/src/index.js
[Server(8100) file:///var/www/webpack/lession03-webpack] Document changed: file:///var/www/webpack/lession03-webpack/src/index.js
[Server(8100) file:///var/www/webpack/lession03-webpack] Document changed: file:///var/www/webpack/lession03-webpack/src/index.js
[Server(8100) file:///var/www/webpack/lession03-webpack] Document changed: file:///var/www/webpack/lession03-webpack/src/index.js
[Server(8100) file:///var/www/webpack/lession03-webpack] Document changed: file:///var/www/webpack/lession03-webpack/src/index.js
[Server(8100) file:///var/www/webpack/lession03-webpack] Document changed: file:///var/www/webpack/lession03-webpack/src/index.js
[Server(8100) file:///var/www/webpack/lession03-webpack] Document changed: file:///var/www/webpack/lession03-webpack/src/index.js
[Server(8100) file:///var/www/webpack/lession03-webpack] Document changed: file:///var/www/webpack/lession03-webpack/src/index.js
[Server(8100) file:///var/www/webpack/lession03-webpack] Document changed: file:///var/www/webpack/lession03-webpack/src/index.js
[Server(8100) file:///var/www/webpack/lession03-webpack] Document changed: file:///var/www/webpack/lession03-webpack/src/index.js
[Server(8100) file:///var/www/webpack/lession03-webpack] Document changed: file:///var/www/webpack/lession03-webpack/src/index.js
[Server(8100) file:///var/www/webpack/lession03-webpack] Document changed: file:///var/www/webpack/lession03-webpack/src/index.js
[Server(8100) file:///var/www/webpack/lession03-webpack] Document changed: file:///var/www/webpack/lession03-webpack/src/index.js
[Server(8100) file:///var/www/webpack/lession03-webpack] Document changed: file:///var/www/webpack/lession03-webpack/src/index.js
[Server(8100) file:///var/www/webpack/lession03-webpack] Document changed: file:///var/www/webpack/lession03-webpack/src/index.js
[Server(8100) file:///var/www/webpack/lession03-webpack] Document changed: file:///var/www/webpack/lession03-webpack/src/index.js
[Server(8100) file:///var/www/webpack/lession03-webpack] Document changed: file:///var/www/webpack/lession03-webpack/src/index.js
[Server(8100) file:///var/www/webpack/lession03-webpack] Document changed: file:///var/www/webpack/lession03-webpack/src/index.js
[Server(8100) file:///var/www/webpack/lession03-webpack] Document changed: file:///var/www/webpack/lession03-webpack/src/index.js
[Server(8100) file:///var/www/webpack/lession03-webpack] Document changed: file:///var/www/webpack/lession03-webpack/src/index.js
[Server(8100) file:///var/www/webpack/lession03-webpack] Document changed: file:///var/www/webpack/lession03-webpack/src/index.js
[Server(8100) file:///var/www/webpack/lession03-webpack] Document changed: file:///var/www/webpack/lession03-webpack/src/index.js
[Server(8100) file:///var/www/webpack/lession03-webpack] Document changed: file:///var/www/webpack/lession03-webpack/src/index.js
[Server(8100) file:///var/www/webpack/lession03-webpack] Document changed: file:///var/www/webpack/lession03-webpack/src/index.js
[Server(8100) file:///var/www/webpack/lession03-webpack] Document changed: file:///var/www/webpack/lession03-webpack/src/index.js
[Server(8100) file:///var/www/webpack/lession03-webpack] Document changed: file:///var/www/webpack/lession03-webpack/src/index.js
[Server(8100) file:///var/www/webpack/lession03-webpack] Document changed: file:///var/www/webpack/lession03-webpack/src/index.js
[Server(8100) file:///var/www/webpack/lession03-webpack] Document changed: file:///var/www/webpack/lession03-webpack/src/index.js
[Server(8100) file:///var/www/webpack/lession03-webpack] Document changed: file:///var/www/webpack/lession03-webpack/src/index.js
[Server(8100) file:///var/www/webpack/lession03-webpack] Document changed: file:///var/www/webpack/lession03-webpack/src/index.js
[Server(8100) file:///var/www/webpack/lession03-webpack] Document changed: file:///var/www/webpack/lession03-webpack/src/index.js
[Server(8100) file:///var/www/webpack/lession03-webpack] Document changed: file:///var/www/webpack/lession03-webpack/src/index.js
[Server(8100) file:///var/www/webpack/lession03-webpack] Document changed: file:///var/www/webpack/lession03-webpack/src/index.js
[Server(8100) file:///var/www/webpack/lession03-webpack] Document changed: file:///var/www/webpack/lession03-webpack/src/index.js
[Server(8100) file:///var/www/webpack/lession03-webpack] Document changed: file:///var/www/webpack/lession03-webpack/src/index.js
[Server(8100) file:///var/www/webpack/lession03-webpack] Document changed: file:///var/www/webpack/lession03-webpack/src/index.js
[Server(8100) file:///var/www/webpack/lession03-webpack] Document changed: file:///var/www/webpack/lession03-webpack/src/index.js
[Server(8100) file:///var/www/webpack/lession03-webpack] Document changed: file:///var/www/webpack/lession03-webpack/src/index.js
[Server(8100) file:///var/www/webpack/lession03-webpack] Document changed: file:///var/www/webpack/lession03-webpack/src/index.js
[Server(8100) file:///var/www/webpack/lession03-webpack] Document changed: file:///var/www/webpack/lession03-webpack/src/index.js
[Server(8100) file:///var/www/webpack/lession03-webpack] Document changed: file:///var/www/webpack/lession03-webpack/src/index.js
[Server(8100) file:///var/www/webpack/lession03-webpack] Document changed: file:///var/www/webpack/lession03-webpack/src/index.js
[Server(8100) file:///var/www/webpack/lession03-webpack] Document changed: file:///var/www/webpack/lession03-webpack/src/index.js
[Server(8100) file:///var/www/webpack/lession03-webpack] Document changed: file:///var/www/webpack/lession03-webpack/src/index.js
[Server(8100) file:///var/www/webpack/lession03-webpack] Document changed: file:///var/www/webpack/lession03-webpack/src/index.js
[Server(8100) file:///var/www/webpack/lession03-webpack] Document changed: file:///var/www/webpack/lession03-webpack/src/index.js
[Server(8100) file:///var/www/webpack/lession03-webpack] Document changed: file:///var/www/webpack/lession03-webpack/src/index.js
[Server(8100) file:///var/www/webpack/lession03-webpack] Document changed: file:///var/www/webpack/lession03-webpack/src/index.js
[Server(8100) file:///var/www/webpack/lession03-webpack] Document changed: file:///var/www/webpack/lession03-webpack/src/index.js
[Server(8100) file:///var/www/webpack/lession03-webpack] Document changed: file:///var/www/webpack/lession03-webpack/src/index.js
[Server(8100) file:///var/www/webpack/lession03-webpack] Document changed: file:///var/www/webpack/lession03-webpack/src/index.js
[Server(8100) file:///var/www/webpack/lession03-webpack] Document changed: file:///var/www/webpack/lession03-webpack/src/index.js
[Server(8100) file:///var/www/webpack/lession03-webpack] Document changed: file:///var/www/webpack/lession03-webpack/src/index.js
[Server(8100) file:///var/www/webpack/lession03-webpack] Document changed: file:///var/www/webpack/lession03-webpack/src/index.js
[Server(8100) file:///var/www/webpack/lession03-webpack] Document changed: file:///var/www/webpack/lession03-webpack/src/index.js
[Server(8100) file:///var/www/webpack/lession03-webpack] Document changed: file:///var/www/webpack/lession03-webpack/src/index.js
[Server(8100) file:///var/www/webpack/lession03-webpack] Document opened: file:///var/www/webpack/lession03-webpack/dirt/bundle.js
[Server(8100) file:///var/www/webpack/lession03-webpack] Document changed: file:///var/www/webpack/lession03-webpack/dirt/bundle.js
Invalid Selector...
Invalid Selector...
Found CSS selector of type null and value script
Searching for symbol
Found CSS selector of type null and value script
Searching for symbol
Found CSS selector of type id and value root
Searching for symbol
Found CSS selector of type id and value root
Searching for symbol
Invalid Selector...
Invalid Selector...
Invalid Selector...
Invalid Selector...
Invalid Selector...
Invalid Selector...
Invalid Selector...
Invalid Selector...
[Server(8100) file:///var/www/webpack/lession03-webpack] Document changed: file:///var/www/webpack/lession03-webpack/index.html
[Server(8100) file:///var/www/webpack/lession03-webpack] Document changed: file:///var/www/webpack/lession03-webpack/index.html
[Server(8100) file:///var/www/webpack/lession03-webpack] Document changed: file:///var/www/webpack/lession03-webpack/src/index.js
[Server(8100) file:///var/www/webpack/lession03-webpack] Document opened: file:///var/www/webpack/lession03-webpack/src/components/App/App.js
[Server(8100) file:///var/www/webpack/lession03-webpack] Document changed: file:///var/www/webpack/lession03-webpack/src/components/App/App.js
[Server(8100) file:///var/www/webpack/lession03-webpack] Document changed: file:///var/www/webpack/lession03-webpack/src/components/App/App.js
[Server(8100) file:///var/www/webpack/lession03-webpack] Document changed: file:///var/www/webpack/lession03-webpack/src/components/App/App.js
[Server(8100) file:///var/www/webpack/lession03-webpack] Document changed: file:///var/www/webpack/lession03-webpack/src/components/App/App.js
[Server(8100) file:///var/www/webpack/lession03-webpack] Document changed: file:///var/www/webpack/lession03-webpack/src/components/App/App.js
[Server(8100) file:///var/www/webpack/lession03-webpack] Document changed: file:///var/www/webpack/lession03-webpack/src/components/App/App.js
[Server(8100) file:///var/www/webpack/lession03-webpack] Document changed: file:///var/www/webpack/lession03-webpack/src/components/App/App.js
[Server(8100) file:///var/www/webpack/lession03-webpack] Document changed: file:///var/www/webpack/lession03-webpack/src/components/App/App.js
[Server(8100) file:///var/www/webpack/lession03-webpack] Document changed: file:///var/www/webpack/lession03-webpack/src/components/App/App.js
[Server(8100) file:///var/www/webpack/lession03-webpack] Document changed: file:///var/www/webpack/lession03-webpack/src/components/App/App.js
[Server(8100) file:///var/www/webpack/lession03-webpack] Document changed: file:///var/www/webpack/lession03-webpack/src/components/App/App.js
[Server(8100) file:///var/www/webpack/lession03-webpack] Document changed: file:///var/www/webpack/lession03-webpack/src/components/App/App.js
Invalid Selector...
[Server(8100) file:///var/www/webpack/lession03-webpack] Document opened: file:///var/www/webpack/lession03-webpack/src/routes.js
[Server(8100) file:///var/www/webpack/lession03-webpack] Document changed: file:///var/www/webpack/lession03-webpack/src/routes.js
Invalid Selector...
[Server(8100) file:///var/www/webpack/lession03-webpack] Document opened: file:///var/www/webpack/lession03-webpack/src/routes.js
[Server(8100) file:///var/www/webpack/lession03-webpack] Document changed: file:///var/www/webpack/lession03-webpack/src/routes.js
Invalid Selector...
Invalid Selector...
Invalid Selector...
Invalid Selector...
[Server(8100) file:///var/www/webpack/lession03-webpack] Document opened: file:///var/www/webpack/lession03-webpack/src/routes.js
[Server(8100) file:///var/www/webpack/lession03-webpack] Document changed: file:///var/www/webpack/lession03-webpack/src/routes.js
[Server(8100) file:///var/www/webpack/lession03-webpack] Document opened: file:///var/www/webpack/lession03-webpack/src/reducers/index.js
[Server(8100) file:///var/www/webpack/lession03-webpack] Document changed: file:///var/www/webpack/lession03-webpack/src/reducers/index.js
[Server(8100) file:///var/www/webpack/lession03-webpack] Document opened: file:///var/www/webpack/lession03-webpack/src/routes.js
[Server(8100) file:///var/www/webpack/lession03-webpack] Document changed: file:///var/www/webpack/lession03-webpack/src/routes.js
[Server(8100) file:///var/www/webpack/lession03-webpack] Document opened: file:///var/www/webpack/lession03-webpack/src/index.js
[Server(8100) file:///var/www/webpack/lession03-webpack] Document changed: file:///var/www/webpack/lession03-webpack/src/index.js
[Server(8100) file:///var/www/webpack/lession03-webpack] Document changed: file:///var/www/webpack/lession03-webpack/src/index.js
[Server(8100) file:///var/www/webpack/lession03-webpack] Document changed: file:///var/www/webpack/lession03-webpack/src/index.js
[Server(8100) file:///var/www/webpack/lession03-webpack] Document changed: file:///var/www/webpack/lession03-webpack/src/index.js
[Server(8100) file:///var/www/webpack/lession03-webpack] Document changed: file:///var/www/webpack/lession03-webpack/src/index.js
[Server(8100) file:///var/www/webpack/lession03-webpack] Document opened: file:///var/www/webpack/lession03-webpack/src/index.js
[Server(8100) file:///var/www/webpack/lession03-webpack] Document changed: file:///var/www/webpack/lession03-webpack/src/index.js
[Server(8100) file:///var/www/webpack/lession03-webpack] Document changed: file:///var/www/webpack/lession03-webpack/src/index.js
[Server(8100) file:///var/www/webpack/lession03-webpack] Document changed: file:///var/www/webpack/lession03-webpack/src/index.js
[Server(8100) file:///var/www/webpack/lession03-webpack] Document changed: file:///var/www/webpack/lession03-webpack/src/index.js
[Server(8100) file:///var/www/webpack/lession03-webpack] Document changed: file:///var/www/webpack/lession03-webpack/src/index.js
Invalid Selector...
Invalid Selector...
[Server(8100) file:///var/www/webpack/lession03-webpack] Document changed: file:///var/www/webpack/lession03-webpack/src/index.js
[Server(8100) file:///var/www/webpack/lession03-webpack] Document changed: file:///var/www/webpack/lession03-webpack/src/index.js
Invalid Selector...
Invalid Selector...
Invalid Selector...
Invalid Selector...
[Server(8100) file:///var/www/webpack/lession03-webpack] Document changed: file:///var/www/webpack/lession03-webpack/src/index.js
[Server(8100) file:///var/www/webpack/lession03-webpack] Document changed: file:///var/www/webpack/lession03-webpack/src/index.js
[Server(8100) file:///var/www/webpack/lession03-webpack] Document changed: file:///var/www/webpack/lession03-webpack/src/index.js
[Server(8100) file:///var/www/webpack/lession03-webpack] Document changed: file:///var/www/webpack/lession03-webpack/src/index.js
[Server(8100) file:///var/www/webpack/lession03-webpack] Document changed: file:///var/www/webpack/lession03-webpack/src/index.js
[Server(8100) file:///var/www/webpack/lession03-webpack] Document changed: file:///var/www/webpack/lession03-webpack/src/index.js
[Server(8100) file:///var/www/webpack/lession03-webpack] Document changed: file:///var/www/webpack/lession03-webpack/src/index.js
[Server(8100) file:///var/www/webpack/lession03-webpack] Document changed: file:///var/www/webpack/lession03-webpack/src/index.js
[Server(8100) file:///var/www/webpack/lession03-webpack] Document changed: file:///var/www/webpack/lession03-webpack/src/index.js
[Server(8100) file:///var/www/webpack/lession03-webpack] Document changed: file:///var/www/webpack/lession03-webpack/src/index.js
[Server(8100) file:///var/www/webpack/lession03-webpack] Document changed: file:///var/www/webpack/lession03-webpack/src/index.js
[Server(8100) file:///var/www/webpack/lession03-webpack] Document changed: file:///var/www/webpack/lession03-webpack/src/index.js
[Server(8100) file:///var/www/webpack/lession03-webpack] Document changed: file:///var/www/webpack/lession03-webpack/src/index.js
[Server(8100) file:///var/www/webpack/lession03-webpack] Document changed: file:///var/www/webpack/lession03-webpack/src/index.js
[Server(8100) file:///var/www/webpack/lession03-webpack] Document changed: file:///var/www/webpack/lession03-webpack/src/index.js
[Server(8100) file:///var/www/webpack/lession03-webpack] Document changed: file:///var/www/webpack/lession03-webpack/src/index.js
[Server(8100) file:///var/www/webpack/lession03-webpack] Document changed: file:///var/www/webpack/lession03-webpack/src/index.js
[Server(8100) file:///var/www/webpack/lession03-webpack] Document changed: file:///var/www/webpack/lession03-webpack/src/index.js
[Server(8100) file:///var/www/webpack/lession03-webpack] Document changed: file:///var/www/webpack/lession03-webpack/src/index.js
[Server(8100) file:///var/www/webpack/lession03-webpack] Document changed: file:///var/www/webpack/lession03-webpack/src/index.js
[Server(8100) file:///var/www/webpack/lession03-webpack] Document changed: file:///var/www/webpack/lession03-webpack/src/index.js
[Server(8100) file:///var/www/webpack/lession03-webpack] Document changed: file:///var/www/webpack/lession03-webpack/src/index.js
[Server(8100) file:///var/www/webpack/lession03-webpack] Document changed: file:///var/www/webpack/lession03-webpack/src/index.js
[Server(8100) file:///var/www/webpack/lession03-webpack] Document changed: file:///var/www/webpack/lession03-webpack/src/index.js
[Server(8100) file:///var/www/webpack/lession03-webpack] Document changed: file:///var/www/webpack/lession03-webpack/src/index.js
[Server(8100) file:///var/www/webpack/lession03-webpack] Document changed: file:///var/www/webpack/lession03-webpack/src/index.js
[Server(8100) file:///var/www/webpack/lession03-webpack] Document changed: file:///var/www/webpack/lession03-webpack/src/index.js
[Server(8100) file:///var/www/webpack/lession03-webpack] Document changed: file:///var/www/webpack/lession03-webpack/src/index.js
[Server(8100) file:///var/www/webpack/lession03-webpack] Document changed: file:///var/www/webpack/lession03-webpack/src/index.js
[Server(8100) file:///var/www/webpack/lession03-webpack] Document changed: file:///var/www/webpack/lession03-webpack/src/index.js
[Server(8100) file:///var/www/webpack/lession03-webpack] Document changed: file:///var/www/webpack/lession03-webpack/src/index.js
[Server(8100) file:///var/www/webpack/lession03-webpack] Document changed: file:///var/www/webpack/lession03-webpack/webpack.config.js
[Server(8100) file:///var/www/webpack/lession03-webpack] Document changed: file:///var/www/webpack/lession03-webpack/webpack.config.js
[Server(8100) file:///var/www/webpack/lession03-webpack] Document changed: file:///var/www/webpack/lession03-webpack/webpack.config.js
[Server(8100) file:///var/www/webpack/lession03-webpack] Document changed: file:///var/www/webpack/lession03-webpack/webpack.config.js
[Server(8100) file:///var/www/webpack/lession03-webpack] Document changed: file:///var/www/webpack/lession03-webpack/webpack.config.js
[Server(8100) file:///var/www/webpack/lession03-webpack] Document changed: file:///var/www/webpack/lession03-webpack/webpack.config.js
[Server(8100) file:///var/www/webpack/lession03-webpack] Document opened: file:///var/www/webpack/lession03-webpack/src/components/Menu/Menu.js
[Server(8100) file:///var/www/webpack/lession03-webpack] Document changed: file:///var/www/webpack/lession03-webpack/src/components/Menu/Menu.js
[Server(8100) file:///var/www/webpack/lession03-webpack] Document changed: file:///var/www/webpack/lession03-webpack/src/components/Menu/Menu.js
[Server(8100) file:///var/www/webpack/lession03-webpack] Document changed: file:///var/www/webpack/lession03-webpack/src/components/Menu/Menu.js
Found CSS selector of type class and value navbar-nav
Searching for symbol
[Server(8100) file:///var/www/webpack/lession03-webpack] Document changed: file:///var/www/webpack/lession03-webpack/src/components/Menu/Menu.js
[Server(8100) file:///var/www/webpack/lession03-webpack] Document changed: file:///var/www/webpack/lession03-webpack/src/components/Menu/Menu.js
[Server(8100) file:///var/www/webpack/lession03-webpack] Document changed: file:///var/www/webpack/lession03-webpack/src/components/Menu/Menu.js
[Server(8100) file:///var/www/webpack/lession03-webpack] Document changed: file:///var/www/webpack/lession03-webpack/src/components/Menu/Menu.js
[Server(8100) file:///var/www/webpack/lession03-webpack] Document changed: file:///var/www/webpack/lession03-webpack/src/components/Menu/Menu.js
[Server(8100) file:///var/www/webpack/lession03-webpack] Document changed: file:///var/www/webpack/lession03-webpack/src/components/Menu/Menu.js
[Server(8100) file:///var/www/webpack/lession03-webpack] Document changed: file:///var/www/webpack/lession03-webpack/src/components/Menu/Menu.js
Invalid Selector...
Found CSS selector of type class and value container-fluid
Searching for symbol
Found CSS selector of type class and value container-fluid
Searching for symbol
Invalid Selector...
Invalid Selector...
Invalid Selector...
Found CSS selector of type null and value a
Searching for symbol
[Server(8100) file:///var/www/webpack/lession03-webpack] Document changed: file:///var/www/webpack/lession03-webpack/src/components/Menu/Menu.js
Found CSS selector of type null and value a
Searching for symbol
Invalid Selector...
Invalid Selector...
Invalid Selector...
[Server(8100) file:///var/www/webpack/lession03-webpack] Document changed: file:///var/www/webpack/lession03-webpack/src/components/Menu/Menu.js
Invalid Selector...
[Server(8100) file:///var/www/webpack/lession03-webpack] Document changed: file:///var/www/webpack/lession03-webpack/src/components/Menu/Menu.js
Invalid Selector...
[Server(8100) file:///var/www/webpack/lession03-webpack] Document changed: file:///var/www/webpack/lession03-webpack/src/components/Menu/Menu.js
Invalid Selector...
Invalid Selector...
Invalid Selector...
[Server(8100) file:///var/www/webpack/lession03-webpack] Document changed: file:///var/www/webpack/lession03-webpack/src/components/Menu/Menu.js
Invalid Selector...
Invalid Selector...
Invalid Selector...
[Server(8100) file:///var/www/webpack/lession03-webpack] Document changed: file:///var/www/webpack/lession03-webpack/src/components/Menu/Menu.js
Invalid Selector...
Invalid Selector...
Invalid Selector...
[Server(8100) file:///var/www/webpack/lession03-webpack] Document changed: file:///var/www/webpack/lession03-webpack/src/components/Menu/Menu.js
Invalid Selector...
Invalid Selector...
Invalid Selector...
Invalid Selector...
Invalid Selector...
[Server(8100) file:///var/www/webpack/lession03-webpack] Document changed: file:///var/www/webpack/lession03-webpack/src/components/Menu/Menu.js
[Server(8100) file:///var/www/webpack/lession03-webpack] Document changed: file:///var/www/webpack/lession03-webpack/src/components/Menu/Menu.js
Invalid Selector...
Invalid Selector...
[Server(8100) file:///var/www/webpack/lession03-webpack] Document changed: file:///var/www/webpack/lession03-webpack/src/components/Menu/Menu.js
Invalid Selector...
[Server(8100) file:///var/www/webpack/lession03-webpack] Document changed: file:///var/www/webpack/lession03-webpack/src/components/Menu/Menu.js
Invalid Selector...
Invalid Selector...
Invalid Selector...
Invalid Selector...
Found CSS selector of type null and value li
Searching for symbol
[Server(8100) file:///var/www/webpack/lession03-webpack] Document changed: file:///var/www/webpack/lession03-webpack/src/components/Menu/Menu.js
Invalid Selector...
Invalid Selector...
[Server(8100) file:///var/www/webpack/lession03-webpack] Document changed: file:///var/www/webpack/lession03-webpack/src/components/Menu/Menu.js
[Server(8100) file:///var/www/webpack/lession03-webpack] Document changed: file:///var/www/webpack/lession03-webpack/src/components/Menu/Menu.js
[Server(8100) file:///var/www/webpack/lession03-webpack] Document changed: file:///var/www/webpack/lession03-webpack/src/components/Menu/Menu.js
[Server(8100) file:///var/www/webpack/lession03-webpack] Document changed: file:///var/www/webpack/lession03-webpack/src/components/Menu/Menu.js
[Server(8100) file:///var/www/webpack/lession03-webpack] Document changed: file:///var/www/webpack/lession03-webpack/src/components/Menu/Menu.js
[Server(8100) file:///var/www/webpack/lession03-webpack] Document changed: file:///var/www/webpack/lession03-webpack/src/components/Menu/Menu.js
[Server(8100) file:///var/www/webpack/lession03-webpack] Document changed: file:///var/www/webpack/lession03-webpack/src/components/Menu/Menu.js
Found CSS selector of type null and value span
Searching for symbol
[Server(8100) file:///var/www/webpack/lession03-webpack] Document changed: file:///var/www/webpack/lession03-webpack/src/components/Menu/Menu.js
Invalid Selector...
Invalid Selector...
[Server(8100) file:///var/www/webpack/lession03-webpack] Document changed: file:///var/www/webpack/lession03-webpack/src/components/Menu/Menu.js
[Server(8100) file:///var/www/webpack/lession03-webpack] Document changed: file:///var/www/webpack/lession03-webpack/src/components/Menu/Menu.js
[Server(8100) file:///var/www/webpack/lession03-webpack] Document changed: file:///var/www/webpack/lession03-webpack/src/components/Menu/Menu.js
Invalid Selector...
Invalid Selector...
Invalid Selector...
Invalid Selector...
Invalid Selector...
Invalid Selector...
[Server(8100) file:///var/www/webpack/lession03-webpack] Document changed: file:///var/www/webpack/lession03-webpack/src/components/Menu/Menu.js
Invalid Selector...
Invalid Selector...
[Server(8100) file:///var/www/webpack/lession03-webpack] Document changed: file:///var/www/webpack/lession03-webpack/src/components/Menu/Menu.js
Invalid Selector...
Invalid Selector...
[Server(8100) file:///var/www/webpack/lession03-webpack] Document changed: file:///var/www/webpack/lession03-webpack/src/components/Menu/Menu.js
Invalid Selector...
Invalid Selector...
Invalid Selector...
Invalid Selector...
Invalid Selector...
Invalid Selector...
[Server(8100) file:///var/www/webpack/lession03-webpack] Document changed: file:///var/www/webpack/lession03-webpack/src/components/Menu/Menu.js
Invalid Selector...
Invalid Selector...
[Server(8100) file:///var/www/webpack/lession03-webpack] Document changed: file:///var/www/webpack/lession03-webpack/src/components/Menu/Menu.js
Invalid Selector...
Invalid Selector...
Invalid Selector...
Invalid Selector...
[Server(8100) file:///var/www/webpack/lession03-webpack] Document changed: file:///var/www/webpack/lession03-webpack/src/components/Menu/Menu.js
Invalid Selector...
Invalid Selector...
Invalid Selector...
[Server(8100) file:///var/www/webpack/lession03-webpack] Document changed: file:///var/www/webpack/lession03-webpack/src/components/Menu/Menu.js
Found CSS selector of type class and value nav-item
Searching for symbol
Invalid Selector...
[Server(8100) file:///var/www/webpack/lession03-webpack] Document changed: file:///var/www/webpack/lession03-webpack/src/components/Menu/Menu.js
Invalid Selector...
Invalid Selector...
[Server(8100) file:///var/www/webpack/lession03-webpack] Document changed: file:///var/www/webpack/lession03-webpack/src/components/Menu/Menu.js
Invalid Selector...
Invalid Selector...
[Server(8100) file:///var/www/webpack/lession03-webpack] Document changed: file:///var/www/webpack/lession03-webpack/src/components/Menu/Menu.js
[Server(8100) file:///var/www/webpack/lession03-webpack] Document changed: file:///var/www/webpack/lession03-webpack/src/components/Menu/Menu.js
Invalid Selector...
Found CSS selector of type class and value navbar-expand-lg
Searching for symbol
Found CSS selector of type class and value navbar-expand-lg
Searching for symbol
Found CSS selector of type class and value navbar-expand-lg
Searching for symbol
Found CSS selector of type class and value navbar-expand-lg
Searching for symbol
Found CSS selector of type class and value navbar-expand-lg
Searching for symbol
Found CSS selector of type class and value navbar-expand-lg
Searching for symbol
Found CSS selector of type class and value navbar-brand
Searching for symbol
Invalid Selector...
Invalid Selector...
Found CSS selector of type class and value navbar-toggler-icon
Searching for symbol
[Server(8100) file:///var/www/webpack/lession03-webpack] Document changed: file:///var/www/webpack/lession03-webpack/src/components/Menu/Menu.js
[Server(8100) file:///var/www/webpack/lession03-webpack] Document changed: file:///var/www/webpack/lession03-webpack/src/components/Menu/Menu.js
Found CSS selector of type class and value navbar-toggler-icon
Searching for symbol
Found CSS selector of type class and value navbar-toggler
Searching for symbol
Invalid Selector...
Invalid Selector...
Invalid Selector...
Found CSS selector of type null and value li
Searching for symbol
[Server(8100) file:///var/www/webpack/lession03-webpack] Document changed: file:///var/www/webpack/lession03-webpack/src/components/Menu/Menu.js
[Server(8100) file:///var/www/webpack/lession03-webpack] Document changed: file:///var/www/webpack/lession03-webpack/src/components/Menu/Menu.js
[Server(8100) file:///var/www/webpack/lession03-webpack] Document changed: file:///var/www/webpack/lession03-webpack/src/components/Menu/Menu.js
[Server(8100) file:///var/www/webpack/lession03-webpack] Document changed: file:///var/www/webpack/lession03-webpack/src/components/Menu/Menu.js
[Server(8100) file:///var/www/webpack/lession03-webpack] Document changed: file:///var/www/webpack/lession03-webpack/src/components/Menu/Menu.js
[Server(8100) file:///var/www/webpack/lession03-webpack] Document changed: file:///var/www/webpack/lession03-webpack/src/components/Menu/Menu.js
[Server(8100) file:///var/www/webpack/lession03-webpack] Document changed: file:///var/www/webpack/lession03-webpack/src/components/Menu/Menu.js
[Server(8100) file:///var/www/webpack/lession03-webpack] Document changed: file:///var/www/webpack/lession03-webpack/src/components/Menu/Menu.js
[Server(8100) file:///var/www/webpack/lession03-webpack] Document changed: file:///var/www/webpack/lession03-webpack/src/components/Menu/Menu.js
[Server(8100) file:///var/www/webpack/lession03-webpack] Document changed: file:///var/www/webpack/lession03-webpack/src/components/Menu/Menu.js
[Server(8100) file:///var/www/webpack/lession03-webpack] Document changed: file:///var/www/webpack/lession03-webpack/src/components/Menu/Menu.js
[Server(8100) file:///var/www/webpack/lession03-webpack] Document changed: file:///var/www/webpack/lession03-webpack/src/components/Menu/Menu.js
[Server(8100) file:///var/www/webpack/lession03-webpack] Document changed: file:///var/www/webpack/lession03-webpack/src/components/Menu/Menu.js
[Server(8100) file:///var/www/webpack/lession03-webpack] Document changed: file:///var/www/webpack/lession03-webpack/src/components/Menu/Menu.js
[Server(8100) file:///var/www/webpack/lession03-webpack] Document changed: file:///var/www/webpack/lession03-webpack/src/components/Menu/Menu.js
[Server(8100) file:///var/www/webpack/lession03-webpack] Document changed: file:///var/www/webpack/lession03-webpack/src/components/Menu/Menu.js
[Server(8100) file:///var/www/webpack/lession03-webpack] Document changed: file:///var/www/webpack/lession03-webpack/src/components/Menu/Menu.js
[Server(8100) file:///var/www/webpack/lession03-webpack] Document changed: file:///var/www/webpack/lession03-webpack/src/components/Menu/Menu.js
[Server(8100) file:///var/www/webpack/lession03-webpack] Document changed: file:///var/www/webpack/lession03-webpack/src/components/Menu/Menu.js
[Server(8100) file:///var/www/webpack/lession03-webpack] Document changed: file:///var/www/webpack/lession03-webpack/src/components/Menu/Menu.js
Found CSS selector of type class and value navbar-nav
Searching for symbol
Found CSS selector of type class and value navbar
Searching for symbol
Invalid Selector...
Invalid Selector...
[Server(8100) file:///var/www/webpack/lession03-webpack] Document changed: file:///var/www/webpack/lession03-webpack/src/components/Menu/Menu.js
[Server(8100) file:///var/www/webpack/lession03-webpack] Document changed: file:///var/www/webpack/lession03-webpack/src/components/Menu/Menu.js
[Server(8100) file:///var/www/webpack/lession03-webpack] Document changed: file:///var/www/webpack/lession03-webpack/src/components/Menu/Menu.js
Invalid Selector...
Found CSS selector of type class and value navbar-expand-lg
Searching for symbol
Invalid Selector...
Invalid Selector...
[Server(8100) file:///var/www/webpack/lession03-webpack] Document changed: file:///var/www/webpack/lession03-webpack/src/components/Menu/Menu.js
[Server(8100) file:///var/www/webpack/lession03-webpack] Document changed: file:///var/www/webpack/lession03-webpack/src/components/Menu/Menu.js
[Server(8100) file:///var/www/webpack/lession03-webpack] Document changed: file:///var/www/webpack/lession03-webpack/src/components/Menu/Menu.js
[Server(8100) file:///var/www/webpack/lession03-webpack] Document changed: file:///var/www/webpack/lession03-webpack/src/components/Menu/Menu.js
[Server(8100) file:///var/www/webpack/lession03-webpack] Document changed: file:///var/www/webpack/lession03-webpack/src/components/Menu/Menu.js
[Server(8100) file:///var/www/webpack/lession03-webpack] Document changed: file:///var/www/webpack/lession03-webpack/src/components/Menu/Menu.js
[Server(8100) file:///var/www/webpack/lession03-webpack] Document changed: file:///var/www/webpack/lession03-webpack/src/components/Menu/Menu.js
[Server(8100) file:///var/www/webpack/lession03-webpack] Document changed: file:///var/www/webpack/lession03-webpack/src/components/Menu/Menu.js
[Server(8100) file:///var/www/webpack/lession03-webpack] Document changed: file:///var/www/webpack/lession03-webpack/src/components/Menu/Menu.js
[Server(8100) file:///var/www/webpack/lession03-webpack] Document changed: file:///var/www/webpack/lession03-webpack/src/components/Menu/Menu.js
Found CSS selector of type class and value active
Searching for symbol
Found CSS selector of type class and value nav-item
Searching for symbol
Found CSS selector of type class and value nav-link
Searching for symbol
[Server(8100) file:///var/www/webpack/lession03-webpack] Document changed: file:///var/www/webpack/lession03-webpack/src/components/Menu/Menu.js
Invalid Selector...
[Server(8100) file:///var/www/webpack/lession03-webpack] Document changed: file:///var/www/webpack/lession03-webpack/src/components/Menu/Menu.js
Found CSS selector of type class and value active
Searching for symbol
Invalid Selector...
[Server(8100) file:///var/www/webpack/lession03-webpack] Document changed: file:///var/www/webpack/lession03-webpack/src/components/Menu/Menu.js
[Server(8100) file:///var/www/webpack/lession03-webpack] Document changed: file:///var/www/webpack/lession03-webpack/src/components/Menu/Menu.js
[Server(8100) file:///var/www/webpack/lession03-webpack] Document changed: file:///var/www/webpack/lession03-webpack/src/components/Menu/Menu.js
[Server(8100) file:///var/www/webpack/lession03-webpack] Document changed: file:///var/www/webpack/lession03-webpack/src/components/Menu/Menu.js
[Server(8100) file:///var/www/webpack/lession03-webpack] Document changed: file:///var/www/webpack/lession03-webpack/src/components/Menu/Menu.js
[Server(8100) file:///var/www/webpack/lession03-webpack] Document changed: file:///var/www/webpack/lession03-webpack/src/components/Menu/Menu.js
[Server(8100) file:///var/www/webpack/lession03-webpack] Document changed: file:///var/www/webpack/lession03-webpack/src/components/Menu/Menu.js
[Server(8100) file:///var/www/webpack/lession03-webpack] Document changed: file:///var/www/webpack/lession03-webpack/src/components/Menu/Menu.js
[Server(8100) file:///var/www/webpack/lession03-webpack] Document changed: file:///var/www/webpack/lession03-webpack/src/components/Menu/Menu.js
[Server(8100) file:///var/www/webpack/lession03-webpack] Document changed: file:///var/www/webpack/lession03-webpack/src/components/Menu/Menu.js
[Server(8100) file:///var/www/webpack/lession03-webpack] Document changed: file:///var/www/webpack/lession03-webpack/src/components/Menu/Menu.js
[Server(8100) file:///var/www/webpack/lession03-webpack] Document changed: file:///var/www/webpack/lession03-webpack/src/components/Menu/Menu.js
[Server(8100) file:///var/www/webpack/lession03-webpack] Document changed: file:///var/www/webpack/lession03-webpack/src/components/Menu/Menu.js
[Server(8100) file:///var/www/webpack/lession03-webpack] Document changed: file:///var/www/webpack/lession03-webpack/src/components/Menu/Menu.js
[Server(8100) file:///var/www/webpack/lession03-webpack] Document changed: file:///var/www/webpack/lession03-webpack/src/components/Menu/Menu.js
[Server(8100) file:///var/www/webpack/lession03-webpack] Document changed: file:///var/www/webpack/lession03-webpack/src/components/Menu/Menu.js
[Server(8100) file:///var/www/webpack/lession03-webpack] Document changed: file:///var/www/webpack/lession03-webpack/src/components/Menu/Menu.js
[Server(8100) file:///var/www/webpack/lession03-webpack] Document changed: file:///var/www/webpack/lession03-webpack/src/components/Menu/Menu.js
[Server(8100) file:///var/www/webpack/lession03-webpack] Document changed: file:///var/www/webpack/lession03-webpack/src/components/Menu/Menu.js
[Server(8100) file:///var/www/webpack/lession03-webpack] Document changed: file:///var/www/webpack/lession03-webpack/src/components/Menu/Menu.js
[Server(8100) file:///var/www/webpack/lession03-webpack] Document changed: file:///var/www/webpack/lession03-webpack/src/components/Menu/Menu.js
[Server(8100) file:///var/www/webpack/lession03-webpack] Document changed: file:///var/www/webpack/lession03-webpack/src/components/Menu/Menu.js
[Server(8100) file:///var/www/webpack/lession03-webpack] Document changed: file:///var/www/webpack/lession03-webpack/src/components/Menu/Menu.js
[Server(8100) file:///var/www/webpack/lession03-webpack] Document changed: file:///var/www/webpack/lession03-webpack/src/components/Menu/Menu.js
[Server(8100) file:///var/www/webpack/lession03-webpack] Document changed: file:///var/www/webpack/lession03-webpack/src/components/Menu/Menu.js
[Server(8100) file:///var/www/webpack/lession03-webpack] Document changed: file:///var/www/webpack/lession03-webpack/src/components/Menu/Menu.js
[Server(8100) file:///var/www/webpack/lession03-webpack] Document changed: file:///var/www/webpack/lession03-webpack/src/components/Menu/Menu.js
[Server(8100) file:///var/www/webpack/lession03-webpack] Document changed: file:///var/www/webpack/lession03-webpack/src/components/Menu/Menu.js
[Server(8100) file:///var/www/webpack/lession03-webpack] Document changed: file:///var/www/webpack/lession03-webpack/src/components/Menu/Menu.js
[Server(8100) file:///var/www/webpack/lession03-webpack] Document changed: file:///var/www/webpack/lession03-webpack/src/components/Menu/Menu.js
[Server(8100) file:///var/www/webpack/lession03-webpack] Document changed: file:///var/www/webpack/lession03-webpack/src/components/Menu/Menu.js
[Server(8100) file:///var/www/webpack/lession03-webpack] Document changed: file:///var/www/webpack/lession03-webpack/src/components/Menu/Menu.js
[Server(8100) file:///var/www/webpack/lession03-webpack] Document changed: file:///var/www/webpack/lession03-webpack/src/components/Menu/Menu.js
[Server(8100) file:///var/www/webpack/lession03-webpack] Document changed: file:///var/www/webpack/lession03-webpack/src/components/Menu/Menu.js
[Server(8100) file:///var/www/webpack/lession03-webpack] Document changed: file:///var/www/webpack/lession03-webpack/src/components/Menu/Menu.js
[Server(8100) file:///var/www/webpack/lession03-webpack] Document changed: file:///var/www/webpack/lession03-webpack/src/components/Menu/Menu.js
[Server(8100) file:///var/www/webpack/lession03-webpack] Document changed: file:///var/www/webpack/lession03-webpack/src/components/Menu/Menu.js
[Server(8100) file:///var/www/webpack/lession03-webpack] Document changed: file:///var/www/webpack/lession03-webpack/src/components/Menu/Menu.js
[Server(8100) file:///var/www/webpack/lession03-webpack] Document changed: file:///var/www/webpack/lession03-webpack/src/components/Menu/Menu.js
[Server(8100) file:///var/www/webpack/lession03-webpack] Document changed: file:///var/www/webpack/lession03-webpack/src/components/Menu/Menu.js
[Server(8100) file:///var/www/webpack/lession03-webpack] Document changed: file:///var/www/webpack/lession03-webpack/src/components/Menu/Menu.js
Found CSS selector of type class and value active
Searching for symbol
[Server(8100) file:///var/www/webpack/lession03-webpack] Document changed: file:///var/www/webpack/lession03-webpack/src/components/Menu/Menu.js
Invalid Selector...
Invalid Selector...
[Server(8100) file:///var/www/webpack/lession03-webpack] Document changed: file:///var/www/webpack/lession03-webpack/src/components/Menu/Menu.js
Invalid Selector...
[Server(8100) file:///var/www/webpack/lession03-webpack] Document changed: file:///var/www/webpack/lession03-webpack/src/components/Menu/Menu.js
Invalid Selector...
[Server(8100) file:///var/www/webpack/lession03-webpack] Document changed: file:///var/www/webpack/lession03-webpack/src/components/App/App.js
[Server(8100) file:///var/www/webpack/lession03-webpack] Document changed: file:///var/www/webpack/lession03-webpack/src/components/App/App.js
[Server(8100) file:///var/www/webpack/lession03-webpack] Document changed: file:///var/www/webpack/lession03-webpack/src/components/App/App.js
[Server(8100) file:///var/www/webpack/lession03-webpack] Document changed: file:///var/www/webpack/lession03-webpack/src/components/App/App.js
[Server(8100) file:///var/www/webpack/lession03-webpack] Document changed: file:///var/www/webpack/lession03-webpack/src/components/App/App.js
Invalid Selector...
Found CSS selector of type null and value Router
Searching for symbol
[Server(8100) file:///var/www/webpack/lession03-webpack] Document changed: file:///var/www/webpack/lession03-webpack/src/components/App/App.js
Invalid Selector...
[Server(8100) file:///var/www/webpack/lession03-webpack] Document changed: file:///var/www/webpack/lession03-webpack/src/components/App/App.js
Invalid Selector...
