[Info  - 7:51:00 PM] ESLint server stopped.
[Info  - 7:51:01 PM] ESLint server running in node v10.2.0
[Info  - 7:51:01 PM] ESLint server is running.
[Info  - 7:51:02 PM] 
Failed to load the ESLint library for the document /var/www/webpack/lession03-webpack/webpack.config.js

To use ESLint please install eslint by running npm install eslint in the workspace folder lession03-webpack
or globally using 'npm install -g eslint'. You need to reopen the workspace after installing eslint.

If you are using yarn or pnpm instead of npm set the setting `eslint.packageManager` to either `yarn` or `pnpm`
Alternatively you can disable ESLint for the workspace folder lession03-webpack by executing the 'Disable ESLint' command.
[Info  - 8:02:44 PM] 
Failed to load the ESLint library for the document /var/www/webpack/lession03-webpack/src/index.js

To use ESLint please install eslint by running npm install eslint in the workspace folder lession03-webpack
or globally using 'npm install -g eslint'. You need to reopen the workspace after installing eslint.

If you are using yarn or pnpm instead of npm set the setting `eslint.packageManager` to either `yarn` or `pnpm`
Alternatively you can disable ESLint for the workspace folder lession03-webpack by executing the 'Disable ESLint' command.
[Info  - 8:04:18 PM] 
Failed to load the ESLint library for the document /var/www/webpack/lession03-webpack/package.json

To use ESLint please install eslint by running npm install eslint in the workspace folder lession03-webpack
or globally using 'npm install -g eslint'. You need to reopen the workspace after installing eslint.

If you are using yarn or pnpm instead of npm set the setting `eslint.packageManager` to either `yarn` or `pnpm`
Alternatively you can disable ESLint for the workspace folder lession03-webpack by executing the 'Disable ESLint' command.
[Info  - 8:13:03 PM] 
Failed to load the ESLint library for the document /var/www/webpack/lession03-webpack/dirt/bundle.js

To use ESLint please install eslint by running npm install eslint in the workspace folder lession03-webpack
or globally using 'npm install -g eslint'. You need to reopen the workspace after installing eslint.

If you are using yarn or pnpm instead of npm set the setting `eslint.packageManager` to either `yarn` or `pnpm`
Alternatively you can disable ESLint for the workspace folder lession03-webpack by executing the 'Disable ESLint' command.
[Info  - 8:36:49 PM] 
Failed to load the ESLint library for the document /var/www/webpack/lession03-webpack/src/components/App/App.js

To use ESLint please install eslint by running npm install eslint in the workspace folder lession03-webpack
or globally using 'npm install -g eslint'. You need to reopen the workspace after installing eslint.

If you are using yarn or pnpm instead of npm set the setting `eslint.packageManager` to either `yarn` or `pnpm`
Alternatively you can disable ESLint for the workspace folder lession03-webpack by executing the 'Disable ESLint' command.
[Info  - 8:39:30 PM] 
Failed to load the ESLint library for the document /var/www/webpack/lession03-webpack/src/routes.js

To use ESLint please install eslint by running npm install eslint in the workspace folder lession03-webpack
or globally using 'npm install -g eslint'. You need to reopen the workspace after installing eslint.

If you are using yarn or pnpm instead of npm set the setting `eslint.packageManager` to either `yarn` or `pnpm`
Alternatively you can disable ESLint for the workspace folder lession03-webpack by executing the 'Disable ESLint' command.
[Info  - 8:39:31 PM] 
Failed to load the ESLint library for the document /var/www/webpack/lession03-webpack/src/routes.js

To use ESLint please install eslint by running npm install eslint in the workspace folder lession03-webpack
or globally using 'npm install -g eslint'. You need to reopen the workspace after installing eslint.

If you are using yarn or pnpm instead of npm set the setting `eslint.packageManager` to either `yarn` or `pnpm`
Alternatively you can disable ESLint for the workspace folder lession03-webpack by executing the 'Disable ESLint' command.
[Info  - 8:41:36 PM] 
Failed to load the ESLint library for the document /var/www/webpack/lession03-webpack/src/routes.js

To use ESLint please install eslint by running npm install eslint in the workspace folder lession03-webpack
or globally using 'npm install -g eslint'. You need to reopen the workspace after installing eslint.

If you are using yarn or pnpm instead of npm set the setting `eslint.packageManager` to either `yarn` or `pnpm`
Alternatively you can disable ESLint for the workspace folder lession03-webpack by executing the 'Disable ESLint' command.
[Info  - 8:41:59 PM] 
Failed to load the ESLint library for the document /var/www/webpack/lession03-webpack/src/reducers/index.js

To use ESLint please install eslint by running npm install eslint in the workspace folder lession03-webpack
or globally using 'npm install -g eslint'. You need to reopen the workspace after installing eslint.

If you are using yarn or pnpm instead of npm set the setting `eslint.packageManager` to either `yarn` or `pnpm`
Alternatively you can disable ESLint for the workspace folder lession03-webpack by executing the 'Disable ESLint' command.
[Info  - 8:42:21 PM] 
Failed to load the ESLint library for the document /var/www/webpack/lession03-webpack/src/routes.js

To use ESLint please install eslint by running npm install eslint in the workspace folder lession03-webpack
or globally using 'npm install -g eslint'. You need to reopen the workspace after installing eslint.

If you are using yarn or pnpm instead of npm set the setting `eslint.packageManager` to either `yarn` or `pnpm`
Alternatively you can disable ESLint for the workspace folder lession03-webpack by executing the 'Disable ESLint' command.
[Info  - 8:42:59 PM] 
Failed to load the ESLint library for the document /var/www/webpack/lession03-webpack/src/index.js

To use ESLint please install eslint by running npm install eslint in the workspace folder lession03-webpack
or globally using 'npm install -g eslint'. You need to reopen the workspace after installing eslint.

If you are using yarn or pnpm instead of npm set the setting `eslint.packageManager` to either `yarn` or `pnpm`
Alternatively you can disable ESLint for the workspace folder lession03-webpack by executing the 'Disable ESLint' command.
[Info  - 8:43:30 PM] 
Failed to load the ESLint library for the document /var/www/webpack/lession03-webpack/src/index.js

To use ESLint please install eslint by running npm install eslint in the workspace folder lession03-webpack
or globally using 'npm install -g eslint'. You need to reopen the workspace after installing eslint.

If you are using yarn or pnpm instead of npm set the setting `eslint.packageManager` to either `yarn` or `pnpm`
Alternatively you can disable ESLint for the workspace folder lession03-webpack by executing the 'Disable ESLint' command.
[Info  - 9:06:16 PM] 
Failed to load the ESLint library for the document /var/www/webpack/lession03-webpack/src/components/Menu/Menu.js

To use ESLint please install eslint by running npm install eslint in the workspace folder lession03-webpack
or globally using 'npm install -g eslint'. You need to reopen the workspace after installing eslint.

If you are using yarn or pnpm instead of npm set the setting `eslint.packageManager` to either `yarn` or `pnpm`
Alternatively you can disable ESLint for the workspace folder lession03-webpack by executing the 'Disable ESLint' command.
[Info  - 9:33:31 PM] ESLint server stopped.
