[Server(14076) file:///var/www/webpack/lession03-webpack] Started and initialize received
[Server(14076) file:///var/www/webpack/lession03-webpack] Setup a stylesheet lookup map
[Server(14076) file:///var/www/webpack/lession03-webpack] Document opened: file:///var/www/webpack/lession03-webpack/src/components/App/App.js
[Server(14076) file:///var/www/webpack/lession03-webpack] Document changed: file:///var/www/webpack/lession03-webpack/src/components/App/App.js
[Server(14076) file:///var/www/webpack/lession03-webpack] Document opened: file:///var/www/webpack/lession03-webpack/src/index.js
[Server(14076) file:///var/www/webpack/lession03-webpack] Document changed: file:///var/www/webpack/lession03-webpack/src/index.js
[Server(14076) file:///var/www/webpack/lession03-webpack] Document changed: file:///var/www/webpack/lession03-webpack/src/index.js
[Server(14076) file:///var/www/webpack/lession03-webpack] Document changed: file:///var/www/webpack/lession03-webpack/src/index.js
[Server(14076) file:///var/www/webpack/lession03-webpack] Document changed: file:///var/www/webpack/lession03-webpack/src/index.js
[Server(14076) file:///var/www/webpack/lession03-webpack] Document changed: file:///var/www/webpack/lession03-webpack/src/index.js
[Server(14076) file:///var/www/webpack/lession03-webpack] Document changed: file:///var/www/webpack/lession03-webpack/src/index.js
[Server(14076) file:///var/www/webpack/lession03-webpack] Document changed: file:///var/www/webpack/lession03-webpack/src/index.js
[Server(14076) file:///var/www/webpack/lession03-webpack] Document changed: file:///var/www/webpack/lession03-webpack/src/index.js
[Server(14076) file:///var/www/webpack/lession03-webpack] Document changed: file:///var/www/webpack/lession03-webpack/src/index.js
[Server(14076) file:///var/www/webpack/lession03-webpack] Document changed: file:///var/www/webpack/lession03-webpack/src/index.js
[Server(14076) file:///var/www/webpack/lession03-webpack] Document changed: file:///var/www/webpack/lession03-webpack/src/index.js
[Server(14076) file:///var/www/webpack/lession03-webpack] Document changed: file:///var/www/webpack/lession03-webpack/src/index.js
[Server(14076) file:///var/www/webpack/lession03-webpack] Document changed: file:///var/www/webpack/lession03-webpack/src/index.js
[Server(14076) file:///var/www/webpack/lession03-webpack] Document changed: file:///var/www/webpack/lession03-webpack/src/index.js
[Server(14076) file:///var/www/webpack/lession03-webpack] Document changed: file:///var/www/webpack/lession03-webpack/src/index.js
[Server(14076) file:///var/www/webpack/lession03-webpack] Document changed: file:///var/www/webpack/lession03-webpack/src/index.js
[Server(14076) file:///var/www/webpack/lession03-webpack] Document changed: file:///var/www/webpack/lession03-webpack/src/index.js
Invalid Selector...
[Server(14076) file:///var/www/webpack/lession03-webpack] Document opened: file:///var/www/webpack/lession03-webpack/node_modules/redux-thunk/index.d.ts
[Server(14076) file:///var/www/webpack/lession03-webpack] Document changed: file:///var/www/webpack/lession03-webpack/node_modules/redux-thunk/index.d.ts
Invalid Selector...
[Server(14076) file:///var/www/webpack/lession03-webpack] Document changed: file:///var/www/webpack/lession03-webpack/src/index.js
Invalid Selector...
Invalid Selector...
[Server(14076) file:///var/www/webpack/lession03-webpack] Document changed: file:///var/www/webpack/lession03-webpack/src/index.js
[Server(14076) file:///var/www/webpack/lession03-webpack] Document changed: file:///var/www/webpack/lession03-webpack/src/index.js
[Server(14076) file:///var/www/webpack/lession03-webpack] Document changed: file:///var/www/webpack/lession03-webpack/src/index.js
[Server(14076) file:///var/www/webpack/lession03-webpack] Document changed: file:///var/www/webpack/lession03-webpack/src/index.js
[Server(14076) file:///var/www/webpack/lession03-webpack] Document changed: file:///var/www/webpack/lession03-webpack/src/index.js
[Server(14076) file:///var/www/webpack/lession03-webpack] Document changed: file:///var/www/webpack/lession03-webpack/src/index.js
[Server(14076) file:///var/www/webpack/lession03-webpack] Document changed: file:///var/www/webpack/lession03-webpack/src/index.js
[Server(14076) file:///var/www/webpack/lession03-webpack] Document changed: file:///var/www/webpack/lession03-webpack/src/index.js
[Server(14076) file:///var/www/webpack/lession03-webpack] Document changed: file:///var/www/webpack/lession03-webpack/src/index.js
[Server(14076) file:///var/www/webpack/lession03-webpack] Document changed: file:///var/www/webpack/lession03-webpack/src/index.js
[Server(14076) file:///var/www/webpack/lession03-webpack] Document changed: file:///var/www/webpack/lession03-webpack/src/index.js
[Server(14076) file:///var/www/webpack/lession03-webpack] Document changed: file:///var/www/webpack/lession03-webpack/src/index.js
[Server(14076) file:///var/www/webpack/lession03-webpack] Document changed: file:///var/www/webpack/lession03-webpack/src/index.js
[Server(14076) file:///var/www/webpack/lession03-webpack] Document changed: file:///var/www/webpack/lession03-webpack/src/index.js
[Server(14076) file:///var/www/webpack/lession03-webpack] Document changed: file:///var/www/webpack/lession03-webpack/src/index.js
[Server(14076) file:///var/www/webpack/lession03-webpack] Document changed: file:///var/www/webpack/lession03-webpack/src/index.js
[Server(14076) file:///var/www/webpack/lession03-webpack] Document changed: file:///var/www/webpack/lession03-webpack/src/index.js
[Server(14076) file:///var/www/webpack/lession03-webpack] Document changed: file:///var/www/webpack/lession03-webpack/src/index.js
[Server(14076) file:///var/www/webpack/lession03-webpack] Document changed: file:///var/www/webpack/lession03-webpack/src/index.js
[Server(14076) file:///var/www/webpack/lession03-webpack] Document changed: file:///var/www/webpack/lession03-webpack/src/index.js
[Server(14076) file:///var/www/webpack/lession03-webpack] Document changed: file:///var/www/webpack/lession03-webpack/src/index.js
[Server(14076) file:///var/www/webpack/lession03-webpack] Document changed: file:///var/www/webpack/lession03-webpack/src/index.js
[Server(14076) file:///var/www/webpack/lession03-webpack] Document changed: file:///var/www/webpack/lession03-webpack/src/index.js
[Server(14076) file:///var/www/webpack/lession03-webpack] Document changed: file:///var/www/webpack/lession03-webpack/src/index.js
[Server(14076) file:///var/www/webpack/lession03-webpack] Document changed: file:///var/www/webpack/lession03-webpack/src/index.js
[Server(14076) file:///var/www/webpack/lession03-webpack] Document changed: file:///var/www/webpack/lession03-webpack/src/index.js
Invalid Selector...
[Server(14076) file:///var/www/webpack/lession03-webpack] Document changed: file:///var/www/webpack/lession03-webpack/src/index.js
