[2019-07-24 19:49:10.839] [sharedprocess] [info] main {"machineId":"afc5ce7dad504a4107ee7a08e50681437105fc8b948a252278ca65ef15607503"}
[2019-07-24 19:49:11.157] [sharedprocess] [info] Scanned user extensions: 16
[2019-07-24 19:49:11.239] [sharedprocess] [info] Scanned user extensions: 16
[2019-07-24 19:49:11.349] [sharedprocess] [info] Scanned user extensions: 16
[2019-07-24 19:49:11.395] [sharedprocess] [info] Scanned system extensions: 72
[2019-07-24 19:49:11.410] [sharedprocess] [info] Scanned system extensions: 72
[2019-07-24 19:49:11.436] [sharedprocess] [info] Scanned system extensions: 72
[2019-07-24 19:49:11.449] [sharedprocess] [info] Deleted from disk ms-vscode.cpptools /home/admin123/.vscode/extensions/ms-vscode.cpptools-0.24.0
[2019-07-24 19:49:12.002] [sharedprocess] [info] Scanned user extensions: 16
[2019-07-24 19:49:27.567] [sharedprocess] [info] Scanned user extensions: 16
[2019-07-24 19:49:27.585] [sharedprocess] [info] Scanned user extensions: 16
[2019-07-24 19:49:27.711] [sharedprocess] [info] Scanned system extensions: 72
[2019-07-24 19:49:27.724] [sharedprocess] [info] Scanned system extensions: 72
[2019-07-24 19:49:29.621] [sharedprocess] [info] Scanned user extensions: 16
[2019-07-24 19:49:50.866] [sharedprocess] [info] Starting to clean up unused language packs.
[2019-07-24 19:54:29.678] [sharedprocess] [info] Scanned user extensions: 16
[2019-07-24 19:59:29.752] [sharedprocess] [info] Scanned user extensions: 16
[2019-07-24 20:04:29.888] [sharedprocess] [info] Scanned user extensions: 16
[2019-07-24 20:09:29.949] [sharedprocess] [info] Scanned user extensions: 16
[2019-07-24 20:14:30.007] [sharedprocess] [info] Scanned user extensions: 16
[2019-07-24 20:19:30.042] [sharedprocess] [info] Scanned user extensions: 16
[2019-07-24 20:24:30.069] [sharedprocess] [info] Scanned user extensions: 16
[2019-07-24 20:29:30.096] [sharedprocess] [info] Scanned user extensions: 16
[2019-07-24 20:34:30.131] [sharedprocess] [info] Scanned user extensions: 16
[2019-07-24 20:39:30.168] [sharedprocess] [info] Scanned user extensions: 16
[2019-07-24 20:44:30.201] [sharedprocess] [info] Scanned user extensions: 16
[2019-07-24 20:49:30.790] [sharedprocess] [info] Scanned user extensions: 16
[2019-07-24 20:54:30.827] [sharedprocess] [info] Scanned user extensions: 16
[2019-07-24 20:59:30.869] [sharedprocess] [info] Scanned user extensions: 16
[2019-07-24 21:04:30.900] [sharedprocess] [info] Scanned user extensions: 16
[2019-07-24 21:09:31.098] [sharedprocess] [info] Scanned user extensions: 16
[2019-07-24 21:14:31.160] [sharedprocess] [info] Scanned user extensions: 16
[2019-07-24 21:19:31.288] [sharedprocess] [info] Scanned user extensions: 16
[2019-07-24 21:24:31.487] [sharedprocess] [info] Scanned user extensions: 16
[2019-07-24 21:29:31.542] [sharedprocess] [info] Scanned user extensions: 16
[2019-07-24 21:33:34.350] [sharedprocess] [info] Scanned user extensions: 16
[2019-07-24 21:33:34.354] [sharedprocess] [info] Scanned user extensions: 16
[2019-07-24 21:33:34.495] [sharedprocess] [info] Scanned system extensions: 72
[2019-07-24 21:33:34.503] [sharedprocess] [info] Scanned system extensions: 72
[2019-07-24 21:33:36.248] [sharedprocess] [info] Scanned user extensions: 16
[2019-07-24 21:35:23.179] [sharedprocess] [info] Scanned user extensions: 16
[2019-07-24 21:35:23.194] [sharedprocess] [info] Scanned user extensions: 16
[2019-07-24 21:35:23.427] [sharedprocess] [info] Scanned system extensions: 72
[2019-07-24 21:35:23.438] [sharedprocess] [info] Scanned system extensions: 72
[2019-07-24 21:35:25.183] [sharedprocess] [info] Scanned user extensions: 16
[2019-07-24 21:36:05.016] [sharedprocess] [info] Scanned user extensions: 16
[2019-07-24 21:36:05.076] [sharedprocess] [info] Scanned system extensions: 72
[2019-07-24 21:36:08.215] [sharedprocess] [info] Scanned user extensions: 16
[2019-07-24 21:41:08.330] [sharedprocess] [info] Scanned user extensions: 16
